<?xml version="1.0" encoding="UTF-8"?>
<robot generator="Robot 6.1.1 (Python 3.9.16 on darwin)" generated="20230811 17:32:04.894" rpa="false" schemaversion="4">
<suite id="s1" name="Amazon Search" source="/Users/meeraramesh/PycharmProjects/pythonProject2/Tests/amazon_search.robot">
<test id="s1-t1" name="Verify that search bar is visible in the amazon app" line="6">
<kw name="Open amazon app and skip login" library="amazon_keywords">
<doc>opens amazon app</doc>
<kw name="Open Application" library="AppiumLibrary">
<arg>${REMOTE_URL}</arg>
<arg>platformName=${DEVICE_PLATFORM}</arg>
<arg>platformVersion=${DEVICE_PLATFORM_VERSION}</arg>
<arg>deviceName=${DEVICE_NAME}</arg>
<arg>appPackage=${PACKAGE_NAME}</arg>
<arg>appActivity=${ACTIVITY_NAME}</arg>
<doc>Opens a new application to given Appium server.
Capabilities of appium server, Android and iOS,
Please check https://github.com/appium/appium/blob/master/docs/en/writing-running-appium/server-args.md
| *Option*            | *Man.* | *Description*     |
| remote_url          | Yes    | Appium server url |
| alias               | no     | alias             |
| strict_ssl          | No     | allows you to send commands to an invalid certificate host like a self-signed one. |</doc>
<status status="PASS" starttime="20230811 17:32:05.351" endtime="20230811 17:32:15.642"/>
</kw>
<kw name="Sleep" library="BuiltIn">
<arg>10</arg>
<doc>Pauses the test executed for the given time.</doc>
<msg timestamp="20230811 17:32:25.642" level="INFO">Slept 10 seconds</msg>
<status status="PASS" starttime="20230811 17:32:15.642" endtime="20230811 17:32:25.643"/>
</kw>
<kw name="Wait Until Element Is Visible" library="AppiumLibrary">
<arg>${BUTTON_SKIP_LOGIN}</arg>
<doc>Waits until element specified with `locator` is visible.</doc>
<msg timestamp="20230811 17:32:25.739" level="INFO">criteria is skip_sign_in_button</msg>
<status status="PASS" starttime="20230811 17:32:25.643" endtime="20230811 17:32:25.739"/>
</kw>
<kw name="Click Element" library="AppiumLibrary">
<arg>${BUTTON_SKIP_LOGIN}</arg>
<doc>Click element identified by `locator`.</doc>
<msg timestamp="20230811 17:32:25.742" level="INFO">Clicking element 'skip_sign_in_button'.</msg>
<msg timestamp="20230811 17:32:25.806" level="INFO">criteria is skip_sign_in_button</msg>
<status status="PASS" starttime="20230811 17:32:25.739" endtime="20230811 17:32:25.806"/>
</kw>
<status status="PASS" starttime="20230811 17:32:05.351" endtime="20230811 17:32:25.807"/>
</kw>
<kw name="Verify search bar is visible" library="amazon_keywords">
<doc>verify search bar is visible</doc>
<kw name="Page Should Contain Element" library="AppiumLibrary">
<arg>${SEARCH_BAR}</arg>
<doc>Verifies that current page contains `locator` element.</doc>
<msg timestamp="20230811 17:32:27.538" level="INFO">Current page contains element 'chrome_search_hint_view'.</msg>
<msg timestamp="20230811 17:32:27.538" level="INFO">criteria is chrome_search_hint_view</msg>
<status status="PASS" starttime="20230811 17:32:25.807" endtime="20230811 17:32:27.538"/>
</kw>
<status status="PASS" starttime="20230811 17:32:25.807" endtime="20230811 17:32:27.538"/>
</kw>
<doc>verify that search bar is visible</doc>
<status status="PASS" starttime="20230811 17:32:05.350" endtime="20230811 17:32:27.538"/>
</test>
<test id="s1-t2" name="Verify that search bar is clickable" line="11">
<kw name="Open amazon app and skip login" library="amazon_keywords">
<doc>opens amazon app</doc>
<kw name="Open Application" library="AppiumLibrary">
<arg>${REMOTE_URL}</arg>
<arg>platformName=${DEVICE_PLATFORM}</arg>
<arg>platformVersion=${DEVICE_PLATFORM_VERSION}</arg>
<arg>deviceName=${DEVICE_NAME}</arg>
<arg>appPackage=${PACKAGE_NAME}</arg>
<arg>appActivity=${ACTIVITY_NAME}</arg>
<doc>Opens a new application to given Appium server.
Capabilities of appium server, Android and iOS,
Please check https://github.com/appium/appium/blob/master/docs/en/writing-running-appium/server-args.md
| *Option*            | *Man.* | *Description*     |
| remote_url          | Yes    | Appium server url |
| alias               | no     | alias             |
| strict_ssl          | No     | allows you to send commands to an invalid certificate host like a self-signed one. |</doc>
<status status="PASS" starttime="20230811 17:32:27.539" endtime="20230811 17:32:35.998"/>
</kw>
<kw name="Sleep" library="BuiltIn">
<arg>10</arg>
<doc>Pauses the test executed for the given time.</doc>
<msg timestamp="20230811 17:32:45.998" level="INFO">Slept 10 seconds</msg>
<status status="PASS" starttime="20230811 17:32:35.998" endtime="20230811 17:32:45.998"/>
</kw>
<kw name="Wait Until Element Is Visible" library="AppiumLibrary">
<arg>${BUTTON_SKIP_LOGIN}</arg>
<doc>Waits until element specified with `locator` is visible.</doc>
<msg timestamp="20230811 17:32:46.624" level="INFO">criteria is skip_sign_in_button</msg>
<status status="PASS" starttime="20230811 17:32:45.998" endtime="20230811 17:32:46.624"/>
</kw>
<kw name="Click Element" library="AppiumLibrary">
<arg>${BUTTON_SKIP_LOGIN}</arg>
<doc>Click element identified by `locator`.</doc>
<msg timestamp="20230811 17:32:46.626" level="INFO">Clicking element 'skip_sign_in_button'.</msg>
<msg timestamp="20230811 17:32:46.721" level="INFO">criteria is skip_sign_in_button</msg>
<status status="PASS" starttime="20230811 17:32:46.624" endtime="20230811 17:32:46.721"/>
</kw>
<status status="PASS" starttime="20230811 17:32:27.539" endtime="20230811 17:32:46.721"/>
</kw>
<kw name="Verify search bar is clickable" library="amazon_keywords">
<doc>verify that search bar is clickable</doc>
<kw name="Wait Until Page Contains Element" library="AppiumLibrary">
<arg>${SEARCH_BAR}</arg>
<doc>Waits until element specified with `locator` appears on current page.</doc>
<msg timestamp="20230811 17:32:47.688" level="INFO">criteria is chrome_search_hint_view</msg>
<status status="PASS" starttime="20230811 17:32:46.722" endtime="20230811 17:32:47.688"/>
</kw>
<kw name="Click Element" library="AppiumLibrary">
<arg>${SEARCH_BAR}</arg>
<doc>Click element identified by `locator`.</doc>
<msg timestamp="20230811 17:32:47.691" level="INFO">Clicking element 'chrome_search_hint_view'.</msg>
<msg timestamp="20230811 17:32:49.843" level="INFO">criteria is chrome_search_hint_view</msg>
<status status="PASS" starttime="20230811 17:32:47.689" endtime="20230811 17:32:49.843"/>
</kw>
<kw name="Page Should Contain Element" library="AppiumLibrary">
<arg>${INPUT_SEARCH_BAR}</arg>
<doc>Verifies that current page contains `locator` element.</doc>
<msg timestamp="20230811 17:32:50.218" level="INFO">Current page contains element 'rs_search_src_text'.</msg>
<msg timestamp="20230811 17:32:50.218" level="INFO">criteria is rs_search_src_text</msg>
<status status="PASS" starttime="20230811 17:32:49.843" endtime="20230811 17:32:50.218"/>
</kw>
<status status="PASS" starttime="20230811 17:32:46.722" endtime="20230811 17:32:50.218"/>
</kw>
<doc>verify that search bar is clickable</doc>
<status status="PASS" starttime="20230811 17:32:27.538" endtime="20230811 17:32:50.218"/>
</test>
<test id="s1-t3" name="Verify that the text searched for is displayed in search results" line="16">
<kw name="Open amazon app and skip login" library="amazon_keywords">
<doc>opens amazon app</doc>
<kw name="Open Application" library="AppiumLibrary">
<arg>${REMOTE_URL}</arg>
<arg>platformName=${DEVICE_PLATFORM}</arg>
<arg>platformVersion=${DEVICE_PLATFORM_VERSION}</arg>
<arg>deviceName=${DEVICE_NAME}</arg>
<arg>appPackage=${PACKAGE_NAME}</arg>
<arg>appActivity=${ACTIVITY_NAME}</arg>
<doc>Opens a new application to given Appium server.
Capabilities of appium server, Android and iOS,
Please check https://github.com/appium/appium/blob/master/docs/en/writing-running-appium/server-args.md
| *Option*            | *Man.* | *Description*     |
| remote_url          | Yes    | Appium server url |
| alias               | no     | alias             |
| strict_ssl          | No     | allows you to send commands to an invalid certificate host like a self-signed one. |</doc>
<status status="PASS" starttime="20230811 17:32:50.220" endtime="20230811 17:32:58.819"/>
</kw>
<kw name="Sleep" library="BuiltIn">
<arg>10</arg>
<doc>Pauses the test executed for the given time.</doc>
<msg timestamp="20230811 17:33:08.821" level="INFO">Slept 10 seconds</msg>
<status status="PASS" starttime="20230811 17:32:58.819" endtime="20230811 17:33:08.821"/>
</kw>
<kw name="Wait Until Element Is Visible" library="AppiumLibrary">
<arg>${BUTTON_SKIP_LOGIN}</arg>
<doc>Waits until element specified with `locator` is visible.</doc>
<msg timestamp="20230811 17:33:14.231" level="INFO">&lt;?xml version='1.0' encoding='UTF-8' standalone='yes' ?&gt;
&lt;hierarchy index="0" class="hierarchy" rotation="0" width="1080" height="2037"&gt;
  &lt;android.widget.FrameLayout index="0" package="com.android.launcher3" class="android.widget.FrameLayout" text="" checkable="false" checked="false" clickable="false" enabled="true" focusable="false" focused="false" long-clickable="false" password="false" scrollable="false" selected="false" bounds="[0,0][1080,2037]" displayed="true"&gt;
    &lt;android.widget.LinearLayout index="0" package="com.android.launcher3" class="android.widget.LinearLayout" text="" checkable="false" checked="false" clickable="false" enabled="true" focusable="false" focused="false" long-clickable="false" password="false" scrollable="false" selected="false" bounds="[0,0][1080,2037]" displayed="true"&gt;
      &lt;android.widget.FrameLayout index="0" package="com.android.launcher3" class="android.widget.FrameLayout" text="" resource-id="android:id/content" checkable="false" checked="false" clickable="false" enabled="true" focusable="false" focused="false" long-clickable="false" password="false" scrollable="false" selected="false" bounds="[0,0][1080,2037]" displayed="true"&gt;
        &lt;android.widget.FrameLayout index="0" package="com.android.launcher3" class="android.widget.FrameLayout" text="" resource-id="com.android.launcher3:id/launcher" checkable="false" checked="false" clickable="false" enabled="true" focusable="false" focused="false" long-clickable="false" password="false" scrollable="false" selected="false" bounds="[0,0][1080,2037]" displayed="true"&gt;
          &lt;android.widget.FrameLayout index="0" package="com.android.launcher3" class="android.widget.FrameLayout" text="" resource-id="com.android.launcher3:id/drag_layer" checkable="false" checked="false" clickable="false" enabled="true" focusable="false" focused="false" long-clickable="false" password="false" scrollable="false" selected="false" bounds="[0,0][1080,2037]" displayed="true"&gt;
            &lt;android.view.View index="0" package="com.android.launcher3" class="android.view.View" text="" resource-id="com.android.launcher3:id/scrim_view" checkable="false" checked="false" clickable="false" enabled="true" focusable="false" focused="false" long-clickable="false" password="false" scrollable="false" selected="false" bounds="[0,0][1080,2037]" displayed="true"&gt;
              &lt;android.view.View index="0" package="com.android.launcher3" class="android.view.View" text="" content-desc="Apps list" checkable="false" checked="false" clickable="true" enabled="true" focusable="true" focused="false" long-clickable="false" password="false" scrollable="false" selected="false" bounds="[515,1845][565,1862]" displayed="true" /&gt;
            &lt;/android.view.View&gt;
            &lt;android.widget.RelativeLayout index="1" package="com.android.launcher3" class="android.widget.RelativeLayout" text="" resource-id="com.android.launcher3:id/apps_view" checkable="false" checked="false" clickable="false" enabled="true" focusable="false" focused="false" long-clickable="false" password="false" scrollable="false" selected="false" bounds="[0,0][1080,2037]" displayed="true"&gt;
              &lt;androidx.recyclerview.widget.RecyclerView index="0" package="com.android.launcher3" class="androidx.recyclerview.widget.RecyclerView" text="" resource-id="com.android.launcher3:id/apps_list_view" checkable="false" checked="false" clickable="false" enabled="true" focusable="true" focused="false" long-clickable="false" password="false" scrollable="false" selected="false" bounds="[0,303][1080,2037]" displayed="true"&gt;
                &lt;android.widget.TextView index="0" package="com.android.launcher3" class="android.widget.TextView" text="Amazon Shopping" content-desc="Amazon Shopping" resource-id="com.android.launcher3:id/icon" checkable="false" checked="false" clickable="true" enabled="true" focusable="true" focused="false" long-clickable="true" password="false" scrollable="false" selected="false" bounds="[37,386][238,706]" displayed="true" /&gt;
                &lt;android.widget.TextView index="1" package="com.android.launcher3" class="android.widget.TextView" text="Appium Settings" content-desc="Appium Settings" resource-id="com.android.launcher3:id/icon" checkable="false" checked="false" clickable="true" enabled="true" focusable="true" focused="false" long-clickable="true" password="false" scrollable="false" selected="false" bounds="[238,386][439,706]" displayed="true" /&gt;
                &lt;android.widget.TextView index="2" package="com.android.launcher3" class="android.widget.TextView" text="AwesomeTSProject" content-desc="AwesomeTSProject" resource-id="com.android.launcher3:id/icon" checkable="false" checked="false" clickable="true" enabled="true" focusable="true" focused="false" long-clickable="true" password="false" scrollable="false" selected="false" bounds="[439,386][640,706]" displayed="true" /&gt;
                &lt;android.widget.TextView index="3" package="com.android.launcher3" class="android.widget.TextView" text="Calendar" content-desc="Calendar" resource-id="com.android.launcher3:id/icon" checkable="false" checked="false" clickable="true" enabled="true" focusable="true" focused="false" long-clickable="true" password="false" scrollable="false" selected="false" bounds="[640,386][841,706]" displayed="true" /&gt;
                &lt;android.widget.TextView index="4" package="com.android.launcher3" class="android.widget.TextView" text="Camera" content-desc="Camera" resource-id="com.android.launcher3:id/icon" checkable="false" checked="false" clickable="true" enabled="true" focusable="true" focused="false" long-clickable="true" password="false" scrollable="false" selected="false" bounds="[841,386][1043,706]" displayed="true" /&gt;
                &lt;android.widget.TextView index="5" package="com.android.launcher3" class="android.widget.TextView" text="Clock" content-desc="Clock" resource-id="com.android.launcher3:id/icon" checkable="false" checked="false" clickable="true" enabled="true" focusable="true" focused="false" long-clickable="true" password="false" scrollable="false" selected="false" bounds="[37,706][238,1026]" displayed="true" /&gt;
                &lt;android.widget.TextView index="6" package="com.android.launcher3" class="android.widget.TextView" text="Contacts" content-desc="Contacts" resource-id="com.android.launcher3:id/icon" checkable="false" checked="false" clickable="true" enabled="true" focusable="true" focused="false" long-clickable="true" password="false" scrollable="false" selected="false" bounds="[238,706][439,1026]" displayed="true" /&gt;
                &lt;android.widget.TextView index="7" package="com.android.launcher3" class="android.widget.TextView" text="Dream11" content-desc="Dream11" resource-id="com.android.launcher3:id/icon" checkable="false" checked="false" clickable="true" enabled="true" focusable="true" focused="false" long-clickable="true" password="false" scrollable="false" selected="false" bounds="[439,706][640,1026]" displayed="true" /&gt;
                &lt;android.widget.TextView index="8" package="com.android.launcher3" class="android.widget.TextView" text="Files" content-desc="Files" resource-id="com.android.launcher3:id/icon" checkable="false" checked="false" clickable="true" enabled="true" focusable="true" focused="false" long-clickable="true" password="false" scrollable="false" selected="false" bounds="[640,706][841,1026]" displayed="true" /&gt;
                &lt;android.widget.TextView index="9" package="com.android.launcher3" class="android.widget.TextView" text="Gallery" content-desc="Gallery" resource-id="com.android.launcher3:id/icon" checkable="false" checked="false" clickable="true" enabled="true" focusable="true" focused="false" long-clickable="true" password="false" scrollable="false" selected="false" bounds="[841,706][1043,1026]" displayed="true" /&gt;
                &lt;android.widget.TextView index="10" package="com.android.launcher3" class="android.widget.TextView" text="Maps" content-desc="Maps" resource-id="com.android.launcher3:id/icon" checkable="false" checked="false" clickable="true" enabled="true" focusable="true" focused="false" long-clickable="true" password="false" scrollable="false" selected="false" bounds="[37,1026][238,1346]" displayed="true" /&gt;
                &lt;android.widget.TextView index="11" package="com.android.launcher3" class="android.widget.TextView" text="Messaging" content-desc="Messaging" resource-id="com.android.launcher3:id/icon" checkable="false" checked="false" clickable="true" enabled="true" focusable="true" focused="false" long-clickable="true" password="false" scrollable="false" selected="false" bounds="[238,1026][439,1346]" displayed="true" /&gt;
                &lt;android.widget.TextView index="12" package="com.android.launcher3" class="android.widget.TextView" text="Phone" content-desc="Phone" resource-id="com.android.launcher3:id/icon" checkable="false" checked="false" clickable="true" enabled="true" focusable="true" focused="false" long-clickable="true" password="false" scrollable="false" selected="false" bounds="[439,1026][640,1346]" displayed="true" /&gt;
                &lt;android.widget.TextView index="13" package="com.android.launcher3" class="android.widget.TextView" text="Search" content-desc="Search" resource-id="com.android.launcher3:id/icon" checkable="false" checked="false" clickable="true" enabled="true" focusable="true" focused="false" long-clickable="true" password="false" scrollable="false" selected="false" bounds="[640,1026][841,1346]" displayed="true" /&gt;
                &lt;android.widget.TextView index="14" package="com.android.launcher3" class="android.widget.TextView" text="Settings" content-desc="Settings" resource-id="com.android.launcher3:id/icon" checkable="false" checked="false" clickable="true" enabled="true" focusable="true" focused="false" long-clickable="true" password="false" scrollable="false" selected="false" bounds="[841,1026][1043,1346]" displayed="true" /&gt;
                &lt;android.widget.TextView index="15" package="com.android.launcher3" class="android.widget.TextView" text="WebView Browser Tester" content-desc="WebView Browser Tester" resource-id="com.android.launcher3:id/icon" checkable="false" checked="false" clickable="true" enabled="true" focusable="true" focused="false" long-clickable="true" password="false" scrollable="false" selected="false" bounds="[37,1346][238,1666]" displayed="true" /&gt;
              &lt;/androidx.recyclerview.widget.RecyclerView&gt;
              &lt;android.widget.LinearLayout index="1" package="com.android.launcher3" class="android.widget.LinearLayout" text="" resource-id="com.android.launcher3:id/all_apps_header" checkable="false" checked="false" clickable="false" enabled="true" focusable="false" focused="false" long-clickable="false" password="false" scrollable="false" selected="false" bounds="[0,303][1080,402]" displayed="true" /&gt;
              &lt;android.widget.EditText index="2" package="com.android.launcher3" class="android.widget.EditText" text="  Search apps" resource-id="com.android.launcher3:id/search_container_all_apps" checkable="false" checked="false" clickable="true" enabled="true" focusable="true" focused="false" long-clickable="true" password="false" scrollable="false" selected="false" bounds="[44,237][1035,369]" displayed="true" /&gt;
              &lt;android.view.View index="4" package="com.android.launcher3" class="android.view.View" text="" resource-id="com.android.launcher3:id/fast_scroller" checkable="false" checked="false" clickable="false" enabled="true" focusable="false" focused="false" long-clickable="false" password="false" scrollable="false" selected="false" bounds="[992,303][1080,2037]" displayed="true" /&gt;
            &lt;/android.widget.RelativeLayout&gt;
          &lt;/android.widget.FrameLayout&gt;
        &lt;/android.widget.FrameLayout&gt;
      &lt;/android.widget.FrameLayout&gt;
    &lt;/android.widget.LinearLayout&gt;
  &lt;/android.widget.FrameLayout&gt;
&lt;/hierarchy&gt;</msg>
<kw name="Capture Page Screenshot" library="AppiumLibrary">
<doc>Takes a screenshot of the current page and embeds it into the log.</doc>
<msg timestamp="20230811 17:33:14.571" level="INFO" html="true">&lt;/td&gt;&lt;/tr&gt;&lt;tr&gt;&lt;td colspan="3"&gt;&lt;img src="data:image/png;base64, iVBORw0KGgoAAAANSUhEUgAABDgAAAkkCAYAAAD508+vAAAAAXNSR0IArs4c6QAAAARzQklUCAgI
CHwIZIgAACAASURBVHic7N13nFTV/f/x98z2AkvbXapU6QhI7yBgRcUC0a8moJEkYKJGzTeJSX5f
/MYUC2oSOxYwYBQLgiAWmnSQjihFd9kCbO+9zP39wXfHvTuzu7O7M7N75fV8PPaRzJl7zznLLOp9
7zmfYzMMwxAAAAAAAICF2Zt7AgAAAAAAAE1FwAEAAAAAACyPgAMAAAAAAFgeAQcAAAAAALA8Ag4A
AAAAAGB5BBwAAAAAAMDyCDgAAAAAAIDlEXAAAAAAAADLI+AAAAAAAACWR8ABAAAAAAAsj4ADAAAA
AABYHgEHAAAAAACwPAIOAAAAAABgeQQcAAAAAADA8gg4AAAAAACA5RFwAAAAAAAAyyPgAAAAAAAA
lkfAAQAAAAAALI+AAwAAAAAAWB4BBwAAAAAAsDwCDgAAAAAAYHkEHAAAAAAAwPIIOAAAAAAAgOUR
cAAAAAAAAMsj4AAAAAAAAJZHwAEAAAAAACyPgAMAAAAAAFgeAQcAAAAAALA8Ag4AAAAAAGB5BBwA
AAAAAMDyCDgAAAAAAIDlEXAAAAAAAADLI+AAAAAAAACWR8ABAAAAAAAsj4ADAAAAAABYHgEHAAAA
AACwPAIOAAAAAABgeQQcAAAAAADA8gg4AAAAAACA5RFwAAAAAAAAyyPgAAAAAAAAlkfAAQAAAAAA
LI+AAwAAAAAAWB4BBwAAAAAAsDwCDgAAAAAAYHkEHAAAAAAAwPICm3sCsBbDMJSRkaGNGzfq+PHj
ysjIcHtdQECAOnfurNGjR2vcuHGKiIiQzWbz82x9x+FwqKKiQpJks9kUGBj4g/r+AAAAAMBqbIZh
GM09CbR85eXlevvtt7V3715VVFSoIT82NptN4eHhuv766zV16lTLBQGGYai8vFzFxcUqKytTeXm5
ioqKnOFOYGCgoqOjFRISoqCgIIWEhCg0NFSBgeSHAAAAAOAvBByok8Ph0PPPP6/jx483KNRwpyrY
eOGFF2S3t/zdUQ6HQ4WFhcrLy1NiYqKOHTumhISEWletBAYGqlOnTurdu7eGDBmi2NhYRUZGKiws
zM8zBwAAAADf2rVrl7Kysuq8ZtasWX6azQUEHKjVt99+qyVLlsjhcHi13x//+MeaOHGiV/v0JsMw
nCs0duzYob1796q0tLRBfdhsNrVr105TpkzRyJEjFRERodDQUB/NGAAAAEB1RUVFOnv2rHJzc1VQ
UKCioiKFh4crMjJSbdq0UefOnRUeHt7c0/S6pKQkdevWzS9jLVmyRKdOnarzmpdfftkvc6nCGnq4
tWLFCu3YsaPJqzbcWb16tSZMmCCbzab09HRFR0d7fYzGqqioUHp6unbt2qU9e/YoLy+vUf0YhqHM
zEytWbNGe/fu1ZQpU3T55ZcrMjLSclt0AAAAgJYuISFBJ06c0MmTJ5WUlOTRf8dHRUWpa9eu6tev
nwYMGKBLLrnEDzP1neXLl6tdu3Z+CzhaIgIOmBiGob/85S9KSkry2RhFRUXO/79t2za1bdtWV1xx
hc/G84RhGCorK1NcXJw++eQTnThxwiv9VlZW6uzZs/rggw+UlJSkGTNmKDo6WgEBAV7pHwAAALhY
ZWRkOH8xmZmZ2eD7c3NzlZubq+PHj0uS2rdvr7Fjx2r8+PHq0KGDt6frU8uXL9euXbv8viWkpSHg
gMlf/vIXJScn+3QMwzB05swZ9ezZUz169NDSpUtlt9s1depUn45b13xKSkp07NgxrVmzptYaG01R
UlKi3bt3Ky0tTTfddJN69OjBSg4AAACgERISErR+/XodOXLEq/1mZmZq/fr1Wr9+vYYNG6Zrr71W
3bt39+oYvlAVbvhKUlKSVq1aVe92FHd+/vOfm1737dtXc+fO9dkqk4DFixcv9knPFuBwOFRcXCxJ
Xv2Nuq/69bUVK1bo2LFjfhmrbdu26tu3r4qLi7Vz504dP35cAwcOVNu2bf0yfnVlZWU6evSoVqxY
ofz8fNN7drtdwcHBzvoZ9W3Zqet6h8OhrKwsxcfHq3///j+4o3MBAAAAX0pISNDy5cv1wQcfKDU1
1adjpaSkaPv27YqPj1fHjh3Vpk0bn47XWDXDjb59+6pfv35eHePVV19tVLjhTmZmplJSUjR+/Hiv
9FeT31ZwVKVhjdGjRw9Nnjy5yXMwDEPx8fE6dOiQvvnmG9M2jNatW6t///4aMGCAhg0b1qCCM77q
159Onz6tHTt2+G28s2fPSroQLkgX/gyfeuop/eMf/1BQUJDf5lFRUaG4uDitWbPGVEjUbrcrIiJC
MTEx6tKli6Kjo5WQkKDz588rKyvLGWBVvz4yMlLR0dEu16enp5u+z9TUVL399tu68847Lbf0DQAA
AGgO3333nZYuXars7Gy/jnv8+HGdP39e99xzj3r37u3Xsevj65UbVbwVbviqv+r8FnBkZWVp586d
jbrXGw+82dnZeuedd3To0CG37+fl5Wnfvn3at2+f3nvvPc2dO1djxoyp9zfsvurXnxwOh55++mmf
FBStTW5uriQpPT3d2VZZWak///nP+t///V+/zMHhcCg9PV2ffPKJaVuK3W5X+/btNWXKFE2ePFkh
ISGSLoQTWVlZ2rJli3bs2OEMOex2u2JiYjR9+nSNGTPGdH1GRobWrVunI0eOOK+vqKhQfHy8Pv/8
c910002crgIAAADU4bPPPtPq1au9frqjp7KysvTUU0/p5ptv1syZM5tlDjX5K9ywGru/Bqq59N+f
UlNT9eSTT9YaQtRUWFioN954Q+vWravzod9X/frbc8895/d/WFStlqiZ3qWlpZlCD18qLi7Wrl27
TAVFbTabWrdurSuvvFIzZ850hhVV77Vv315XX321JkyYoICAANlsNkVFRem6664zhSFV10dHR2vO
nDkaN26cabtSSUmJDh48qIMHD/rlewUAAACspry8XEuXLtX777/fbOFGFYfDoffee0+vvvqqysvL
m3UuhBu181vAUfUbe38rKSnRSy+95FJVNzQ0VGPHjtW1116rGTNmqEePHi73rlu3TkePHvVrv/5W
Xl6ur7/+2u/jBgUFyTAMl9NaDMPQX//6V5+P73A4lJGRoT179pjaAwIC1LVrV40ZM6bWeyMjIzV1
6lS1b99eAQEBuuSSSzR69Ohar4+IiNCECRPUrl07U3thYaF27drlst0FAAAAuNgVFhbqySef1P79
+5t7KiZffvml/vnPf6qgoKBZxifcqJvftqjUPId40qRJmjJlikf3hoWFNXrcHTt26Ny5c6a2UaNG
ae7cuWrdurWzzTAMHTlyRK+88ooqKyud7R999JEuu+wyly0lvurX39566y23q0lsNptzNUNsbKy6
dOmiqKgoBQQEKC8vTwkJCcrJyVFWVpYqKioavCIlMjJSktwe51RcXKzz58+rU6dOjfumPFBYWKgd
O3a4/FwGBwere/fuppUY7oSGhqpv3746fPiw+vTpU+e1NptNrVq1Urdu3Vy25Jw/f167d+9u9mNy
AQAAgJbkpZdeUkJCQnNPw61Tp07p5Zdf1kMPPeTXcd2FG+PGjVNmZqZP61pYid8CjprFYLp27eqz
o2GqGIbh8gPQvXt3zZs3z6Wuh81m07Bhw3T99dfrww8/dLYnJSUpNTVVHTt29Hm//mYYhvbt2+d8
XRW2jBkzRjfccIPzRJP4+Hht2LBB27dvV0VFhSRp2rRp+vWvfy2bzaaysjLt3LlT77//vsdhR8eO
HVVYWOjsr+a8Vq5cqYcfftgb36bb/nNzc7V3716X9wICAkwBVW0CAwMVExMju92uVq1a1Xt9VRHS
mgoLC7Vnzx5NnjxZgYGc2gwAAABI0ty5c/X44483+3YQd4KDgzV37ly/jvnaa6+Znt2kC+HG/Pnz
tWTJEr/OpSXza5HR6qKionw+ZmFhofO0jirjxo2rs2jp4MGDTUGEdKEuRPUgwlf9+ltGRoZzVUlo
aKjmzZun4cOHS7qwiuL111/XgQMHZBiGKbSw2Wy69tprnYFIcHCwpk2bpmnTpik9PV1Lly5VYmJi
rUGHzWbTgAEDtHnz5lqviYuLk8PhkN3u/V1U5eXlSkpKMp2a0lBVQUhlZaXLKhB3HA6HCgsLXdoN
w1BBQYGSk5PdbmcCAAAALkbdunXT/PnztXTp0uaeiov58+f7/Jf11f3pT39SWlqaqa0q3ICZ3wKO
mucUe/Jb8vokJCRo06ZNys3NVb9+/TR9+nTT1gK73a558+aZ7qnvaB938yoqKjK99lW//vb5559L
km677TZNnTpVNptNhmHopZde0pEjR+oMKNytRpCk6OhoPfLII0pLS9PixYtN23Kq69+/v1577bVa
5+ZwOJSTk+NSt8IbiouLdeTIEa/0VVpaqlOnTmnatGkKDg52e41hGMrPz691iV1xcbGOHTtGwAEA
AABUM3LkSCUmJurTTz9t7qk4XX311RoxYoTfxiPcaBi/BBylpaXKyckxtXmyrL8ueXl5+te//uU8
neXEiRMqKSnRzTff7LwmPDxc48ePb1C/7pZA1Xxw9VW//hYXF6dnnnnGWePkzJkzeuKJJ+RwOOrc
ZhITE1Nv3zExMXr++ef18ssv6/Dhw6b+goKClJiYWGfAYxiGDh8+7JPaFKWlpfruu++80ldFRYWS
kpJ0+PBhDR8+3GUVj2EYysnJ0cGDB01H0VZXVlbWYvcXAgAAAM3ppptu0tmzZ/XVV18191Q0ePBg
zZ4922/jEW40nF9OUXFXYbZqRUNFRYWys7OVkZGhoqIij4tVnj171uXoWU+Pa61LfHy8S1vXrl1b
bL9N8cc//lFhYWEyDENr167V3//+d1VWVtb7GfTq1cuj4qg2m02/+MUvNG/ePNP1EyZM0AsvvFDv
OMePH/fsG2mgiooKj7aVeCovL0/r1q3TsWPHlJeXp+LiYpWWlqqgoEApKSnavn27Nm7cWOd8MjIy
WtTRwQAAAEBLYLPZtGDBgmbd2i9dqCG4YMECvx0SQbjROH5ZwVEziAgPD9fJkye1b98+HTlyxLS6
oWPHjho+fLgmTpyoDh061NqnuxUgTf2hz8/P18cff2xqGzNmjEcrFpqjX28wDEMvvPBCg46tbehW
inHjxikyMlLPP/+8JKlfv37aunVrvfedP3++QeN4orZaGE1hGIZSU1O1fPlyXXbZZerWrZvCw8N1
7tw5xcfHKy4uzuN51bb1BwAAALhYhYaGatGiRfrb3/6m4uJiv48fHh6uRYsWKTQ01C/juQs3Bg0a
RLjhAb8EHDVXcBQVFemFF15we21KSoo2bNigjRs36rbbbtPEiRPdXte1a1fNnj3bWbizU6dOjVou
VFXkMS4uTmvXrjUd/dq6dWvdeOONDe7Tl/1624svvqhjx4416J6q01UaYsiQIbrnnnv0+eef65VX
XvFotULNYMwbqlZL+EJJSYn27dvnUt3YE1XzIuAAAAAAXMXGxmrBggX617/+5deVz3a7Xffcc49i
Y2P9Mp67cEO6UPsD9fNLwJGbm9vge8rLy/Xvf/9bDodDkydPdnvNNddco0mTJqm4uFht27b1+JjN
LVu26IMPPpAkVVZWui2EWfUXqH379h7P2Vf9+sqWLVsaVWyzrtNi6jJixAi9/fbbcjgcHl3v6XUA
AAAAfvgGDRqkOXPmaNWqVX4b89Zbb9WgQYP8MlZt4QY855eAw129g/DwcI0cOVIdOnSQzWZTWlqa
Dhw44FJ4ctWqVerdu7e6dOnitu/IyMgG/9bb4XCorKys1vcnTJigW265RRERES2iX1955513GnVf
SUlJg++p2grTkFUZjQ1S6uNpEOZPNputRc4LAAAAaEmmT5+ulJQUbdu2zedjTZ48WdOnT/f5OBLh
hrf45Ylq2LBhCgkJ0alTp3T8+HFdfvnluvXWW13qaNxwww166623TMVCy8vLtWXLFt15553+mKok
ac+ePQoODta1117rleNsfd2vv6Wnpzf4njfeeKNBdT4kqU2bNg0epz5BQUGKjo72er9NFRgY2CLn
BQAAALQ0t99+u86dO6dvv/3WZ2P06dNHt99+u8/6r65muPH73//e5Zq66k3ecccdzl9C++IZykr8
EnB06tRJnTp10hVXXKGysjIFBgbKbnc9wKV169aaP3++0tLSdPbsWWf79u3bNXv2bK/VJ+jYsaNm
zJgh6ftTXE6fPu1cPVJZWaktW7bom2++0b333utxMVBf9esrNputUfvXGnLEqmEYevLJJxt1LGu3
bt0afE99bDabQkNDFRgYqIqKCq/33xg2m01BQUEKCQlp7qkAAAAALZ7dbtfChQv12GOPKTs72+v9
t2vXTgsXLnT7zOptta3caMjBDs19wkxL4vc18cHBwXW+Hxoaqquuukqvv/66qf3s2bPq16+fV+Yw
aNAgl31UpaWl2rdvn9555x3nqS4pKSl688039eCDD3r0w+2rfn2lY8eOpuKnnkpMTJRhGPUekVRc
XKzf/OY3plNyGuKyyy5r1H31CQoKUqdOnZSUlOST/huqaj4AAAAAPBMZGal7771Xjz/+eKOfN9wJ
Dg7WokWL/FL8n20p3td8T9d16NOnj0tbY7ZFNERISIgmTZrkshXm9OnT+vrrr1tcv94wcuTIRt2X
nZ1d58qPyspKvfXWW/r1r3/d6H/Y2Gw2DRw4sFH31ic4OFi9evXySd+NERISot69ezf3NAAAAABL
6datm9ePTp0/f75PVpLX1NBwo6ioyKVeZXWZmZnemJbltciAIyoqyqXNX+cdjx49Wu3atTO1ffXV
Vy2236aYPHlyvaswauNu5UdFRYU++OAD3Xffffriiy+adHxTSEiIwsPDG31/XcLCwjRkyJBGf+/S
ha037k7Jaex8Bg8e7JW+AAAAgIvJyJEjddVVV3mlr6uvvlojRozwSl91aUy48fTTT+vpp592G3Is
W7ZMjz32WItZod6cWmTA4Y6/jgy12+0uK0i88YPiq36bIjIyUqGhoQ2+zzAMrVq1SpWVlSooKNDW
rVv1yCOP6N5779Wnn37qldoWo0ePblIAUZfAwEDFxsaqbdu2Lu95GlxUVlZ6Zb9fYGCgYmJi1KFD
hyb3BQAAAFyMbrrppib/wnDw4MGaPXu2l2ZUu8aGG0lJSUpKSnIJOZYtW6bdu3ebrruY+bwGR1JS
ks6cOeN8bbfbNX78+DofXgsKClzaGvPb/NTUVCUkJJjahgwZorCwsDrvq1knpOY2C1/16282m03X
XHONVq9e3eDVFqdOndLDDz+s4uLiJq3UqG1eN998s1f7rKlVq1aaMmWK1q5dawo0KioqlJmZWW+N
kfLyclMh3Maw2Wxq06aNZs6c2aR+AAAAgIuZzWbTggUL9Le//U0pKSkNvr9jx45asGCBz37BWqWx
NTeqP29VhRwPPvigVq1apd27d7u97mLl84AjKytLK1asMLUNGDDAZbtGdcnJyS5tjTlxJC0tTa+9
9pqp7ZFHHlH37t3rvC81NdX0uuZRO77qtzlceeWVWr16dYPvMwxDY8eO1datW73+F6lz5871hkVN
FRYWppEjR2rv3r2m7Tbl5eU6c+aMsrOza/0ZdTgcyszMbNTJMNUFBgaqe/fu6t+/f5P6AQAAAC52
oaGhWrRokZ588knl5+d7fF+rVq20aNGiRq1sb4jGhhvh4eF66KGHtGTJEudzclJSkv7whz+YVnKE
hYXpoYce8kv9kJbM51tU3J0OceTIkVqvNwxD27ZtM7UFBQU16oNytwXh8OHDdd6TkpKi06dPm9pq
ju2rfpuDzWbTLbfc0qh7t27dqvvuu8+rSafNZtMf/vAHr/VXl8jISE2ZMsX0D7PKykqdO3dOmzdv
Vl5enkt4U1FRofPnz+uTTz5RXl5eo8e22+3q0KGDJk+e3Og+AAAAAHwvNjZWCxcuVEBAgEfXBwQE
aOHChYqNjfXpvJp6WkpVyNG1a1dnG+GGez4POGJiYlx+Q7127VrFxcW5XGsYhrZu3eoSgEyZMsXt
FpWEhAS9/vrreuaZZ/Txxx+rtLTU9H6XLl1cApaPP/5Yhw4dcjvXvLw8rVy50qW95tGvvuq3ucyY
MaNRiaXD4dD69es1Z84cr4Uc06ZN8/gfSE0VGhqqESNGaOTIkQoM/H4xU3FxsbZt26Z3331XycnJ
ys7OVn5+vjIyMnTq1CmtWbOmzpCuPjabTa1atdKECRNYvQEAAAB4Ue/evXXbbbd5dO1tt93m89MM
vXUUbFXI4W6l+6JFiwg3/k/A4sWLF/t6kOjoaO3atcv5ury8XPv27VNBQYHKysqUk5OjM2fOaP36
9fr8889N94aFheknP/mJIiIiTO15eXl68sknFRcXp4yMDJ08eVIOh0MDBgxwXmOz2RQZGamDBw+a
7t2/f79SU1NVUVGh/Px8nTt3Tvv379eKFStc6iqMGjVKV1xxhekB3lf9NhebzaYJEyZo48aNDb43
OztbkyZN0uDBg5v00C9d2LJz//33+/XPJDg4WLGxsUpOTlZWVpazvWolx8GDB/Xtt98qMTFRGzdu
1LZt25pceyMsLEwjRozQNddcYwpWAAAAADRd9+7dlZeX51I3sbrJkyfr+uuv9+k8GhtuTJo0yW05
g5UrVyo+Pt6lPTk5WSNHjlRQUFCj5lmfdevWeb1PX/3Z2ww/VSLZtGmTVq1a1eD77r77bo0ZM8al
/ZtvvtGzzz5raouJidGf//xnU5thGHr33Xe1adOmBo/ds2dPLVq0SK1bt3Z5z1f9NqdDhw7p5Zdf
bnBNDbvdrieeeEKlpaX64x//2KiaHAEBAXrqqad8djRsXSorK5WQkKA333xT6enpXjkFxh2bzabQ
0FD1799fd911l0JCQnwyDgAAAHCxczgcWrJkib799luX9/r06aOHHnpIdrvvNjQ0ZeXG73//e/Xo
0cPUVnVaSm26deumBx980CfPUz//+c+93ufLL7/s9T4lPx4TO336dN1zzz0eP9QHBQXprrvuchtu
SBeKwdTUsWNHlzabzaY5c+botttua9A2jLFjx9YZQviq3+Y0fPhwXXfddQ1eQeFwOPSb3/xG7dq1
04svvqju3bs3qA+73a6//OUvzRJuSBfCle7du+uuu+7SpZde6pMCQ3a7Xa1bt9bo0aMJNwAAAAAf
s9vtWrhwoUv9xHbt2mnhwoUtNtxwp2a4UVVzo3pNDndHyF6M/LJFpUqXLl00duxYtWrVSpmZmSos
LHS5pm3btpo4caLuuusu9e3bt9a+WrdurcDAQJ04cULShWKmd9xxh9vgwGazqWfPnhozZoxatWql
rKwst2OHhoZq1KhR+tGPfqTp06fX+6Drq36bU79+/WSz2XTq1KkG37thwwZNmjRJM2fO1PDhw3Xi
xIl6/4IFBATor3/9q9q0adOs23XsdruioqJ06aWXqrS0VFlZWaqsrGzyCTE2m01BQUGKiYnR1KlT
dc011xBuAAAAAH4QHBysfv36affu3XI4HAoODtYDDzyg6Ohon43pjXCj+haVzMxMrVq1yrnKvCrc
6NWrl0aNGqXjx487Dz/Iy8tTr1693P7ivyk2bdrk1VXuYWFhuvrqq73WX3V+26JSk2EYyszMVG5u
rsrKyhQSEqKIiAhFR0c3KE0rKChQcXGx2rZt63E9A8MwlJWVpZycHJWVlSkwMFARERGKiYlpUk0E
X/XbHE6ePKlnn31WDoejQfcFBAToV7/6lbMWSnp6uj7++GPt2bPHGRZU/W9UVJQeffRRhYaG6rnn
ntOll16qoUOHKiMjQ0OGDPHuN9QAJSUlOnDggHbt2qWUlBQVFhY2ettNVFSUevbsqcmTJ1NQFAAA
AGgG+/fv19KlS7VgwQKNHDnSZ+N4a+VGzS0qSUlJWrJkiSS5nJZSVFTkPEJ23rx5Gj9+fJPHr+mj
jz7yah2OWbNmWb8GB6yntLRU//M//6Ps7OwG3Wez2TR48GD98pe/dLYZhqHi4mIlJydr9+7dCg4O
1o9+9CNnmLV69WoFBgYqMjJS+fn5uuGGG7z6vTRGcXGxdu3apT179qigoEAlJSUqKyurNb2sWq0R
HBys8PBwRUdHa8qUKRo6dKifZw4AAACguri4OPXq1ctn/e/fv19ffPGFV/q64447XFZhJCUlSZLb
01KKiop06tQpDRs2zCvju3Pq1CmdPHmyyf3069evzp0aTUXAgToZhqGkpCQ99dRTKisra9BKBpvN
pp/+9KcaNWqUD2foexUVFUpOTtbRo0eVkJCgjIwMORwOZ9Bhs9kUGBiooKAgde7cWb169dKQIUPU
oUOHZp45AAAAAFw8CDjgscTERL311ltKTEyUw+HwKOyw2+0KCQnR/fffr549e/phlr5nGIYKCwuV
kZEhSQoMDFR0dDS1NQAAAACgGRFwoMEcDoeysrJ08OBBHT9+3Fmnory8XCEhIWrTpo26du2qoUOH
avDgwQoPD2/WAqIAAAAAgB8+Ag4AAAAAAGB5vjv8FwAAAAAAwE8IOAAAAAAAgOURcAAAAAAAAMsj
4AAAAAAAAJZHwAEAAAAAACyPgAMAAAAAAFgeAQcAAAAAALA8Ag4AAAAAAGB5BBwAAAAAAMDyCDgA
AAAAAIDlEXAAAAAAAADLI+AAAAAAAACWR8ABAAAAAAAsj4ADAAAAAABYHgEHAAAAAACwPAIOAAAA
AABgeQQcAAAAAADA8gg4AAAAAACA5RFwAAAAAAAAyyPgAAAAAAAAlkfAAQAAAAAALI+AAwAAAAAA
WB4BBwAAAAAAsDwCDgAAAAAAYHkEHAAAAAAAwPIIOAAAAAAAgOURcAAAAAAAAMsj4AAAAAAAAJZH
wAEAAAAAACyPgAMAAAAAAFgeAQcAAAAAALA8Ag4AAAAAAGB5BBwAAAAAAMDyCDgAAAAAAIDlEXAA
AAAAAADLI+AAAAAAAACWR8ABAAAAAAAsj4ADAAAAAABYHgEHAAAAAACwPAIOAAAAAABgeQQcCWXP
GgAAIABJREFUAAAAAADA8gg4AAAAAACA5RFwAAAAAAAAyyPgAAAAAAAAlkfAAQAAAAAALI+AAwAA
AAAAWB4BBwAAAAAAsDwCDgAAAAAAYHkEHAAAAAAAwPIIOAAAAAAAgOURcAAAAAAAAMsj4AAAAAAA
AJZHwAEAAAAAACyPgAMAAAAAAFgeAQcAAAAAALA8Ag4AAAAAAGB5BBwAAAAAAMDyCDgAAAAAAIDl
EXAAAAAAAADLI+AAAAAAAACWR8ABAAAAAAAsj4ADAAAAAABYHgEHAAAAAACwPAIOAAAAAABgeQQc
AAAAAADA8gg4AAAAAACA5RFwAAAAAAAAyyPgAAAAAAAAlkfAAQAAAAAALI+AAwAAAAAAWB4BBwAA
AAAAsDwCDgAAAAAAYHkEHAAAAAAAwPIIOAAAAAAAgOURcAAAAAAAAMsj4AAAAAAAAJZHwAEAAAAA
ACyPgAMAAAAAAFgeAQcAAAAAALA8Ag4AAAAAAGB5BBwAAAAAAMDyCDgAAAAAAIDlEXAAAAAAAADL
I+AAAAAAAACWR8ABAAAAAAAsj4ADAAAAAABYHgEHAAAAAACwPAIOAAAAAABgeQQcAAAAAADA8gg4
AAAAAACA5RFwAAAAAAAAyyPgAAAAAAAAlkfAAQAAAAAALI+AAwAAAAAAWB4BBwAAAAAAsDwCDgAA
AAAAYHkEHAAAAAAAwPIIOAAAAAAAgOURcAAAAAAAAMsj4AAAAAAAAJZHwAEAAAAAACyPgAMAAAAA
AFgeAQcAAAAAALA8Ag4AAAAAAGB5BBwAAAAAAMDyCDgAAAAAAIDlEXAAAAAAAADLI+AAAAAAAACW
R8ABAAAAAAAsj4ADAAAAAABYHgEHAAAAAACwPAIOAAAAAABgeQQcAAAAAADA8gg4AAAAAACA5RFw
AAAAAAAAyyPgAAAAAAAAlkfAAQAAAAAALI+AAwAAAAAAWB4BBwAAAAAAsDwCDgAAAAAAYHkEHAAA
AAAAwPIIOAAAAAAAgOURcAAAAAAAAMsj4AAAAAAAAJZHwAEAAAAAACyPgAMAAAAAAFgeAQcAAAAA
ALA8Ag4AAAAAAGB5BBwAAAAAAMDyCDgAAAAAAIDlEXAAAAAAAADLI+AAAAAAAACWR8ABAAAAAAAs
j4ADAAAAAABYHgEHAAAAAACwPAIOAAAAAABgeQQcAAAAAADA8gg4AAAAAACA5RFwAAAAAAAAyyPg
AAAAAAAAlkfAAQAAAAAALI+AAwAAAAAAWB4BBwAAAAAAsDwCDgAAAAAAYHkEHAAAAAAAwPICm3sC
TWEYRnNPAQAAAACAHwSbzdbcU2gSywUcVaGGYRjOLwAAAAAA0Hg2m835VfXaaiwVcFQFGg6HQw6H
Q5WVlaqsrJTD4WjuqQEAAAAAYEl2u10BAQEKCAiQ3W6X3X6hmoXVQg6bYZElEFXBRlWoUVJSosDA
QIWGhiowMNByf/AAAAAAADQ3wzBUUVGhkpISVVRUKDQ01BR2WOlZ2xIBR/Vwo+oPPjIyUsHBwc09
NQAAAAAAfhDKyspUUFDgXEhgtZDDEqeoVA84CgsLFRERQbgBAAAAAIAXBQcHKyIiQoWFhc5yEBZY
E+HU4gOO6nU3ysvLFRQUpJCQkOaeFgAAAAAAPzghISEKCgpSeXm5M+CwSsjR4gMO6fsVHGVlZQoL
C2vu6QAAAAAA8IMVFhamsrIyVnD4QlViVFFRwdYUAAAAAAB8KDg4WBUVFZZavSFZIOCo+sOs+oO1
SnETAAAAAACsyGazWS7ckCwQcAAAAAAAANSHgAMAAAAAAFgeAQcAAAAAALA8Ag4AAAAAAGB5BBwA
AAAAAMDyCDgAAAAAAIDlEXAAAAAAAADLI+AAAAAAAACWR8ABAAAAAAAsj4ADAAAAAABYHgEHAAAA
AACwPAIOAAAAAABgeQQcAAAAAADA8gg4AAAAAACA5RFwAAAAAAAAyyPgAAAAAAAAlkfAAQAAAAAA
LI+AAwAAAAAAWB4BBwAAAAAAsDwCDgAAAAAAYHkEHAAAAAAAwPIIOAAAAAAAgOURcAAAAAAAAMsj
4AAAAAAAAJZHwAEAAAAAACyPgAMAAAAAAFgeAQcAAAAAALA8Ag4AAAAAAGB5BBwAAAAAAMDyCDgA
AAAAAIDlEXAAAAAAAADLI+AAAAAAAACWR8ABAAAAAAAsj4ADAAAAAABYHgEHAAAAAACwPAIOAAAA
AABgeYHNPQEAgLWdyc3WkdTzOpx63tTeJjRUw2I7a2hMR7UJDWum2QEAAOBiQcABAGiwnJJiLT92
UMuPHtDh1HP1XG3T7H4DdWPfQZo35HK/zA8AAAAXH5thGEZzT6IuDodDlZWVKisrU15enjp16tTc
UwKAi1ZOSbH+8eUu/ePLHcopKVZD/gVik9SjTTs9PeM6ze47yFdTBAAAgBecP39erVu3VnBwsAID
A2Wz2Zp7SvUi4AAAeORw6jnd/P4KncnJalCwUZNN0ux+g/T6dbeydQUAAKCFsmLAQZFRAEC9lh09
oCtWLlV8E8MNSTIkrT55XFesXOrB9hYAAADAM6zgAADUadnRA7p73bt1Bhs39h2oYTGd1L1NW/WI
aqvDqeeVW1KsD099rSNp52u9r21omOIW/TcrOQAAAFoYK67gIOAAANTqcOo5XbFyqbJLil3eiwoJ
1QOjJuj+0RPVJjRM7v6VZ0g6k5OlR7dv1PJjB92OMTy2szbfsYCQAwAAoAUh4PABAg4AaB45JcW6
/PV/Kj4n2+W9G/sO1Buz5qith6GEoQthyU3vvamE3ByX9x8YNUHPzLy+qVMGJEmhj/9RpZUVztfG
I39vxtkAAGBNVgw4OCYWAODWP77c6TbcmDfkcr1x/Vy3KzZqY9OFlRqHfnq/pq14xWXbyrNf7tS8
y0ZoWGznpk3axxyGoYMpZ7X3XJJOZKYrq7hIReXlahMaqg7hERoa00mTuvVQ96i2zT1VAACAiw4B
BwDARU5JsZ79cqdL+419BzY43KiubWiYttz5M/V8/nHllpaY3ntw4zptvuNnjezZt0orK/T8/t16
7sBuxedk1Xv9pG499YcJ03RVr75+mB0AAAAkTlEBALix7NgB5dSouxEVEqo3Zs1pdLhRpW1omFbf
+mOX9i0JcS3yVJVjaSka+fpzemjTeo/CDUnanhSvq99+Xfesf18lFRX13wAAAIAmYwUHAMDF8qOu
BUEfGD3R45ob9ZnWvbemXNJTXyTGm9o/PPV1i9qmUluRVZts6te+g7q2jlJ4YLByS0t0IjNNqYUF
puteO/KlzuRma8NtdynIHuDPqQMAAFx0CDgAACZncrPdrqR4YNQEr47zwKiJLgHHmlNfa/GkGV4d
p7EKysp047tvmsKN8KAgLZ40U3cPHan2YeEu9xxPT9WTe7Zp+bEDzrZNZ77V/Z99pBeunu2XeQMA
AFys2KICADBxF27c2Heg149xnd1vkEdjN5fHd29VYt73J760DgnVjp8s1G/GTnYbbkjSoOhYLbt+
jpZee4up/cWDe7T7bKJP5wsAAHCxI+AAAJgcTj3v0uarbSNTLunpZvzmDzkMGVp29ICp7W9Tr9Zw
D/8c7hk2SvcMG2Vqe3T7Rq/NDwAAAK4IOAAA9erhs2NPXUuW5pSUuLnOvxJyc5Scn+t8HWCz687B
wxvUxx8mXGF6vTH+W2UVF3llfgAAAHBFDQ4AQL18FXAMi+2kLxLjfNJ3U5wvyDe9jomIUOuQkAb1
0SOqrfq0ba9vszMlSZWGQ0fTUjS1e6967600HNqeeEY7ks8oPidLlQ5DsRGRuiSqja7seakubdeh
QXOp7kRmunYmn9E3GWnKKi5WpeFQu7BwDWgfo0ndemhAhxiP+9qZnCCH4ZAkBQcEakznbpKkkooK
rTn1tQ6kJCuloEDRERF6aMwkdY5sXWd/+WWl+jz+tI6npyq1sEB5paVqFxamnm3aafIlPTUstpNs
TTzHp6CsTB9/d0JH01J0Lj9PdptNnVu11rgul2h6jz4KDvB9MVhvfgY7ks7IkCFJig6PVP/20c73
TmVl6JPvTupMbrYyiorULixM3Vq30VW9+mpwdGyLGqOmovJybUuK175zSUopyFdeaamiQkPVMSJS
ozt308RuPRQRFNzo/gEAP0wEHACAeh1OPefRg3nD+3XdDtMShAWa//WYV1qqSsOhAFvDFj7e2Heg
jqWnOF/b6nk2dxiGXj+yX3/esclU/6OmkZ266rmrbnQGCp74LP60Ht2+UbuSE+q8bnzX7np82jWa
2K1HvX1OX7lUpZUXjsGNiYhU6v1/1Ofxp3Xn2neUVuNEmRsuHVBrwJFaWKDfbt6g/3x9WGWVlbWO
d1lMJz025Updf+mAeudWU3FFuR7bsVlL9m53zrmmLq1a66np1+m2gUMb3L8nfPEZTF3xiir/L2S6
rk9/rZs7X0fTzuu+zz6qNTx8eNN6jerUVUuvu0VDYzq1iDGqlFRU6K+7tui5/btcTi+qrk1omBZd
PlZ/nHiFwgKDPO4fAPDDRsABADBpExLq0pZT6pttI7lu+u3RxlfbYTx3Ses2ssnm/K11YXmZNnx3
SrP69G9QP09Nv87ja7NLijV39UptjP+23mv3n0/WuGUv6Pmrb9TCy8fWea3DMPTwpvV6Zt8Oj+ax
KzlBk//9sh6beqUeGT/No3skqbi8XB9/d1Kz3lnm/HOrrraVF18kxunGd990+7NQ09G087rh3eV6
YPRELZl+nez1JUb/53xBvqa/tVTfZKTVed3Z/Dzd/uF/lJSXq9+MnexR357w12eQXlSo1SePa+7q
lapwOOq89svzyRr5+r/09uz/0i39B7eIMc4X5Ouqt1/TsbSUeq/NKSnWX3dt0drT3+iT2+5Wl1Z1
rw4CAFwcCDgAACbuCor64vjW2o6j9V29D8+1CwvXxG49tD3p+2NsF25YrUE//rl6tmnn9fFyS0s0
dcUrOppmXtFyabsOGtWpq0IDA5WUl6ttifHO1QeGDN37yRp1imyl2X1dT6Sp8stP1+jFg3tMbbER
kbqiR291bRWlcodD32SkafOZ71TuqHT2/YetnyomPNKlWGptCsvLdOeat92GG5L71Sv7ziVp1qpl
KigrM7UPiemoy6I7KSwoUOfy87U9KV75ZaXO95/dt0N2m01LPAyQpq54WaeyMiRJgXa7hsd2VtfW
USosL9PBlHPKKCo0Xf+7LRs0rXsvjezU1aP+6+Ovz+Cr9BTN+WClc7VFVEioBkXHKjo8QmmFBTqY
cs60eqXC4dB/rfmPtkT+TOO7dm/WMYoryjXzP6/qeHqqqX1ghxgNi+2sVsEhSi8q1M7kM0qttjro
q/QUXfX2a9o3/5cKD2IlBwBc7Ag4AAAmw2Jdl5MfTj2nM7nZXg0ftia4Lm2/se9Ar/XfVL8bP1Xb
3/k+4EjOz9XIN57TkunX6cdDhjd4u0pdfrJ2lSnc6BzZWq/PulVX9eprui6vtFQPblyn1458KenC
Q/CiTz7UjB6XKjLYtR7BBye/Mj1YB9rtenrGLP3i8jEKsptrTSTn5+rONe+Ythz8bssGzR1wmUf1
RxyG4dxSMK7LJbpn2Gj1bx+ttqFhyiwu0sAadSWKK8p1x5q3TeHG0NhOemPWHJfTagrKyvTYzk16
fPcXzran927XjB59dE3vfvXOrSrcuHfEOP1p4nTFRkQ636s0HFp+9KDu/fRDlVRUOL+Xp/dt11s3
3l5v3/Xx52dQVF4u6cL2jWdmzNKPBl5m2r6RW1qif365U49u3+QMKMoqK/XzDat16Kf3KdBe/8+0
r8Z4YvcXpnAjOjxCq266w2VrXLmjUi8c2KOHN613riA5np6qv+/eqv+dPLPe+QMAftg4RQUAYNIm
NMxt0ODtY04f3eHa39RLvF/no7Gu7d3PZftHVnGR7lr3rvq/tERL9m7XuYK8Jo/zztdHtfb0187X
HSNaac/8e13CDUlqHRKipdfdbPp8zhfk67kDu9z2/diOzabXL19zs341crzLg7UkdW0VpbVz5pmW
+mcWF+nTuFMefy82XVhVsWveIt09dKTGd+2uAR1iNLFbD7ULCzdd+/Te7c4CrJLUp217bfqvBW6P
4o0MDtbfp12jv0+7xtT+m80fezyv56+areeuutEUbkgXTsi5e+hI/WPmDab2Dd+dqnU1SkP4+zPo
GNFK++/6peZfNsKlNkVUSKj+NHG63rj+VlP7V+kpWvHVoWYbw5ChVw7tM7W9dePtbuv+BNkDdP+o
CXp25vWm9hcP7ql3ywwA4IePgAMA4MLdlodlRw+43VLSGIu3b9SZnGxTW1RIqOZfNsIr/XvL81ff
qIfd1GL4NjtTD29ar67//JvGLX9BT+z5wrlKoCEchqHF2z83tb163S3q1jqq1ntssunJK6411bR4
7fCXLg/jOSXFOlTt84oOj6j3z7d1SIh+USPU2XW27oKY1f1y5Dg9OGZSvdeVVVbqn/vNocx/Zt+u
9jVCkJp+M3ayKQA5np6qI2n1F6q9d+Q4LRpRd62S+ZeNUKvg71dJ5JQU67vsrHr7rktzfAYrbvyR
erdtX+c1Px58uUtNjDeO7m+2MdILC01hYZdWrTWjZ586+194+VjTdrGMokKdyEyvb+oAgB84tqgA
AFzMv2yEFm/fqIRccwhx03v/1qGf3qc2oWGN7ntrQpzb1SCz+w5qUr++UBUmXNOrn3752RqXIpWG
DO05m6g9ZxP1280bNCSmo34xfKx+PGS46WG5NtsS400PZcNiO+s6DwqZXtqug67o0VubzlwoSPpt
dqaOpqWYTqsICwrSgbt/5XwdHhTsUVHOmidenG/AKpVHPdwi8PF3J0ynrEzr3tujehd2m033DBut
ez/90Nm2Mymh3lM6/j7t6nr7Dg4I0NDYTtqRdMbZllZYoD71PMjXpTk+g+k96g4GqjwyfpreP/GV
8/W2xHilFOarY0Qrv49R5jCfnFNcUSFDRp1HAtttNv1+/FTTtpYQPxzxCwBo2VjBAQBw69mZs1za
zuRma9rKpcqp4/jGumxNiNNN7//bpT0qJFSLJ3u3iKk3XdGjt44teEDLrp+jy+p4mD6WlqJ7P/1Q
Xf75V/111xZnvYLafPzdCdPrhhxPWnMLy/7zyabXIQGBurxjF+dX//bRHvVbs5ZHzQKgdWnrYUC1
pUb9lTkDhng8xqRuPXRFj97Or6CA+v9TJiLItT6JOzVXkHhysktdmuMz8NTlHbuoX435HErxzgqt
ho4RGxFp+oyyiou08qvD9fa/YNhoPTvzeufXpe06NH3SAABLI+AAALg1u+8gt7U4DqeeU88XnnBb
JLQuj27fqGkrX3Ebjjw78/oWcXpKXQJsds0bMkJH7rlfO3+yUPeNmqBOke5/251fVqo/bP1Ug5c+
oy9rBA/V7T9/1vR6bJduHs+nZtHOmqdPeKLcUams4iKlFhY4v7JrfD5G08tQuNidbN5yMaaz59/3
kJiO2vRfC5xfC4aN9tq8ahaO9UdNh+b6DKQLK2eq82S7jy/GCLIH6EcDLzO13b3uPf335o8Vl9O0
bUIAgIsLW1QAALVaNmuOpq58RUdSzQ8lOSXFmrbyFU3t3ksPjJpY6+knZ3Kz9UVinBZv26gzNba7
VLmx78AWV3ujPuO7dtf4rt31zIxZ2nM2UWtOfa0VXx1yKToan5OlCctf1Nq583S1m6KhJ2vUDPj9
lk8U5uFRl9nF5ofgzOKiOq+vNBzakXRGH5w8rv3nk/VVeqrymrhCobGS83NNr3v54OjdlqglfQaS
NKhGSFZ925C/x/j7tGu0Mf5bJeblSLoQ/Dy5Z5ue3LNNQ2M7aUaPPppySS9NvqSnokJCvT5PAMAP
AwEHAKBWbULDLoQcK15xu1x/a0KccyVH1YkHw2I763DqOeWUlHhUlPSLxHhnTY4b+w7UMDenaLRU
dpvNGXb8ddpV2vDdKf1l52btOZvovKbcUalb31+hgz+9T31rLKHPKTWHFLur3ddQdW2nWHv6a/33
5g0ugUpzyaoWzthtNkWF/vAfWFvaZyBJbUPNW3JySrwftng6RnR4hPbMv1fz163SZ3GnTe8dST2v
I6nntWTvdtltNk2+pKduHzhM/zVomNvjkQEAFy8CDgBAnYbFdtaZe3/rdiVHdVVBh6dbV27sO1Bb
E+KUU1Ksxf8XcDz75U5tuWOBpUKOKgE2u2b16a9ZffrrpYN79ctP16jSuLDFobC8TL/dvEGrb/2x
6Z76anQ0RHml63YKQ4Z+t/kTPbHnC5f3IoOD1bddtNqHhZuO+swoLtSuZM9P7WiM0soK5/8PsgfU
WUzS6lrqZyBJYUHm/wwsrvDez2NjxugU2Uqf3vZTfRZ/Ws/u26FP407JUWN/jsMwnMHq77Zs0O/G
T9WvR090e+wuAODiQ8ABAKhXm9Awbb3jZ1q8faP+8eXOJvUVFRKqZ2de7zyppfqJKhe2viy1bMhR
5ReXj1FxRbke3LjO2bb29NfKLC4yFbIMDghQWeX3J0gsnjRDAfbGlcfq3cb1tI9/fbnL9GAdYLPr
55eP0U+HjtTwjp3dBgtbEr7TFSuXNmoOnooMDnYWziytrFCFw6HARn7fLV1L/Qwk1+KlvlgN0Zgx
rux5qa7sealSCwu0/tsT2poQp21J8S6nOmWXFOu3mzdo7amv9dHc+R4XuQUA/HARcAAAPNImNMwZ
TDzw+Tp9kdiwIqNRIaGa3XeQFk+eUWdB0eYOOSocDhWWf/9QFmCzN+rB794R4/To9o3OrSMOw9DO
5DO64dLv65W0DwvX+YJ85+tfXD5WsRGRTZj993JLS/T7rZ84X9ttNn00d56u6d3PK/03RbvQcNOD
b05JsTqERzTjjHyjJX8GkpRRVGh67YuAoCljxEZE6u6hI3X30JGSpITcbH383Um9evhLHUz5vkDv
zuQE3b3uPZcVUgCAi88P89clAACfGRbbWVvv/JkO/fQ+/c+kGRoaW/uxqdKFrSjPzJilM/f+Vsuu
n2MKN2b3Hei2YGBVyOFJDQ9v238+WW2WLHZ+9XnxiUb1ExwQoOEdzQFN9TBDkjpHtja9/iYjrVFj
ubP29NemLTB3Dh7eYh6s+7Qzrzb5JtN733dL0pI/A0k6mpZiet3dBycZeXOM7lFttfDysTpw96/0
2JQrTe99eOq4jtUYCwBw8WEFBwCgUYbFdtaw2M5aPGmGJDkLi1bp0aZtvUe/VoUl7oqYNtdKjppH
v6YVFiq/rFStgkMa3FfNY0drHvc56ZKeOlDtN9GfxJ10FmttqpoPe1Mu8U6/3jC+S3dtPvOd8/We
s0ma1K2nR/dmFRdpU7V7+7bvoKExdYdszaUlfwYOw9Bn8adMbcO9/PfM0zFOZqarstpfjgEdouut
y/LIhGn6+LuTplolXyTGaUhMxybOGgBgZazgAAB4xbDYzpravZfzq75wo/p9W+/8WYtZydE9qq26
tPp+ZYUhQ++f+KrB/VQaDn2Vbn7Ard6vJM3o0cf0eunhL11qFjRWRpH52Fi7zbNCnqk+OCq0pqtr
rGJYdnS/DBm1XG32adxpzV290vlVPShpaVryZ7D5zHemFUWRwcEuK478NcZVb7+uQa887fxKzM2p
t2+bbC5HL6fX2A4DALj4EHAAAJpdSws57h46yvT691s+afBD51vHD5vuCbTbNb5rd9M1V/fuq95t
v9+ukVVcpN9t2eDxGC8f2qv7P/9I5Y5Kl/fahZlrHXhSMyWtsEAPbVzv8fiNNaFrdw3sEON8/XVG
mlafPF7vfYYMvXRoj6ltYrce3p6e1zTHZ7Diq0P1XuMwDD26Y6Op7db+Q0wnufhzjJorcD6JO+Vy
jTvVa+VI+kHWcQEANAwBBwCgRWhJIcevR080bVVJKczX2GXPe3x056dxp7Rww4emtpv6DTKdoCJd
2MLyp4lXmNqeP7BbT+/dXu8Yz+3fpUWffKh/frlTM9561SWAGdP5EtPrFV8dqnP+X2ekadzyF3Su
IM/UXv1IV296ZLz5+7573Xt11iAxZOj3Wz7RtsR4Z9vITl01qlNXn8zPG5rjM1j4yep6g5RHt2/U
jqQzprZFI8Y12xh3DB5mev3/tn2uuJysOvtPzs/V60f2m9rGdrmklqsBABcLAg4AQIvRUkKOtqFh
eu/mOxUe9P1vm8/kZmvCmy/qqrdf05vHDiouJ0uOanUDUgrz9dHpb3TrByt09duvm3673DokVE/P
mOV2rHlDRujW/kNMbQ9tWq8b3l2u3WcTTWNUGg59GndKV739mn712Vrne+fy81yOWb2uT39TSFPh
cGjmf17VX3Zu1lfpqcopKVZqYYG2JcbrV5+t1fDX/uH2oTKruMilzRvuGDxM06tt0cktLdGEN1/U
Cwf2KLuk2NleaTi0I+mMrvzPa3p89/fHrQba7Xrl2pt9MjdvaY7PoKCsTNNXvqrfbP5Y32Znmt47
knZet334lv53xyZT+48HX96goMjbY8wZMETjqoUTaYUFGv7aP/W7LRv0dUaaaftSflmp/v3VQY1d
9rxpS8rYLpe06LALAOAfNsOoWfKsZXE4HKqsrFRZWZny8vLUqVPLLCQGAPCew6nn3BYelS4cV+uv
wqO7khN00/v/Vlot21NssikyOFhF5eWqNBxur4kKCdXHP7rLZXtKdXmlpZq1apm2J8W7vNcqOERd
WrVWSUWFkvNzVeEwj9MpspW23PEz9Wsf7XLv6pPHdcv7KzyubyFJfdq2Nz20tgkNU/aD/+P22tDH
/2haXWA88nePx5EunCozZcXLOp2VYWq3yabOrVopLDBIKYX5LnVJAmx2vX3T7S7BUFPndcv7K/TB
ye/rraydM0/XXzrA02/HLV9/BoF/e8T0sxcaGKiSiu+/91bBIYqJiFRaYYHyy0pd7u/broN2zVvk
srrI32Mk5uVo3DLX1SuSFBIQqK6to1RSUa5z+fkuf5Zt/z97dx4nx1neCfz3vm9Vd895UcxaAAAg
AElEQVSMRpKty5Ll2wYb24BDvBAghARCAgECbEIIJIQQAruQzYbPJiy5yC7ZhM0n+8mNk7AhkBBu
1mAOmwDm8I1vS1iyZUmWZVm35j66q+p9n/3jfd/qntFIM9JcXfLvmwyyZlrV1T391lv11PM8b6MH
t7/1P+OKjrInIiKavwMHDmDlypWo1WpIkgRqjr2klhMzOIiIqOt0SybHCzdfgC3v+C380lXXzLiq
g0AwmrVOGNx46QUX4/tve89JgxsAsLJexzd+8dfwtmc/77ifjWYtPHLsCPYMDx4X3HjxeRfi/l/7
zRmDG4Avi/mHV74eqTYnff7oF571bHz/be+Z0gxzqDl5XABioWxc0Y9vvfkdx915FwieGh3BzsFj
xwU3zunrx9ff9PYTBje6zVL/Dr7zlndO6UUxmrWwa/DYCQMPN73p7ScNPCzVc5y/cjVu+eV3zRi4
bNkCuwaP4anRkeOCG5edvRbf/aV3MrhBREQAGOAgIqIuNZcgx57hwUXfjw19K/CJ1/4CHvlP/w3v
e8GP4eLVZ5/08X1pDT93+dW46U1vx7ff8usnDD5M10gSfOzVP4+7f/U38PpnXom+tHbCx16xdj3+
/qdfj2+/5ddxTl//CR8HAO+85j/grre9G6+57IoTLr35ws0X4KtvfBs+87o34+ye3uN6GXxt5yNz
eg2n4/yVq3HX296Dj7zqDfjhk5QYrO9bgT/60Zfj4Xe+Fy+/6NITPq4bLeXv4AXnno9H3/Xf8Dsv
eMkJgwrrevvw/h95KR58x3+d9fO8lM9xyVlrcOevvBsfedUbZl3u9fI16/AXL381trzjt/DsLl0m
mIiIlh5LVIiIqKudqFzlV65+Hj7+mp9fln16anQE244ewlOjI5jIc/TVUqyu9+DSs9bg8rXrYNT8
7x80iwL3H3wK+8dGcGxyAqk2WN+3Alet2zDnJXinG2xO4u79T+LA2CgK57BxRT+uWrcBF5zm9hbD
/rERbDtyGIfGxzCWt3B2oxfPWLMWz15/zgmDA1Wy0L+D6eUjneU4VhzuP7gfe4YGMdCcwOp6D85b
uQrXbto854ySpXqOmRweH8MDh/bj6MQERrImetMU63pX4DnrNx635DIRES28KpaoMMBBRERdb3qQ
YzmDG0Td5GTBhyo9BxERdZ8qBjhYokJERF2vs1yFwQ0iIiIimkmy3DtAREQ0F8/dsAkPvuO/nnZ5
BhERERGd2ZjBQURElcHgBhERERGdCAMcRERERERERFR5DHAQERERERERUeUxwEFERERERERElccm
o0REREQVdVZPDwrnZn9glz8HERHRQlAiIsu9EyfjnIO1FlmWYWRkBBs3blzuXSIiIiIiIiI6ox04
cAArV65ErVZDkiRQSi33Ls2KJSpEREREREREVHkMcBARERERERFR5THAQURERERERESVxwAHERER
EREREVUeAxxEREREREREVHkMcBARERERERFR5THAQURERERERESVxwAHEREREREREVUeAxxERERE
REREVHkMcBARERERERFR5THAQURERERERESVxwAHEREREREREVUeAxxEREREREREVHkMcBARERER
ERFR5THAQURERERERESVxwAHEREREREREVUeAxxEREREREREVHkMcBARERERERFR5THAQURERERE
RESVxwAHEREREREREVUeAxxEREREREREVHkMcBARERERERFR5THAQURERERERESVxwAHERERERER
EVUeAxxEREREREREVHkMcBARERERERFR5THAQURERERERESVxwAHEREREREREVUeAxxERERERERE
VHkMcBARERERERFR5THAQURERERERESVxwAHEREREREREVUeAxxEREREREREVHmVC3CIyHLvAhER
EREREdEZq6rX3V0f4FBKlX8aY9BqtZZ5j4iIiIiIiIjOXK1WC8aY8nq8Kro+wAH44IZSCkmSYHx8
fLl3h4iIiIiIiOiMNT4+jiRJymvxqqhMgENrjTRN0Ww20Ww2l3uXiIiIiIiIiM448Zo7TVNorRng
WEgxYqS1hjEGfX19GBwcZJCDiIiIiIiIaAE1m00MDg6ir68PSZKUAY6qBDmS5d6BuYgBjiRp7+7A
wAAajQb6+vpQq9Uq84YTERERERERdQsRQZZlGB8fR7PZRG9vL2q1GowxlcvgUFKR9qgiAuccrLWw
1qIoChRFUf6diIiIiIiIiE6dMQbGGCRJgiRJyr8zwLGIRKQMdMSvCu0+ERERERERUVeKlRPxq0ql
KVGlAhxAez3eGOyo2O4TERERERERdZ0Y0IhBjaoFN4AKBjg6VXjXiYiIiIiIiLpKFYManSrRZPRE
qv7mExEREREREdHC6PplYomIiIiIiIiIZsMABxERERERERFVHgMcRERERERERFR5DHAQERERERER
UeUxwEFERERERERElccABxERERERERFVHgMcRERERERERFR5DHAQERERERERUeUxwEFERERERERE
lccABxERERERERFVHgMcRERERERERFR5DHAQERERERERUeUxwEFERERERERElccABxERERERERFV
HgMcRERERERERFR5DHAQERERERERUeUxwEFERERERERElccABxERERERERFVHgMcRERERERERFR5
DHAQERERERERUeUxwEFERERERERElccABxERERERERFVHgMcRERERERERFR5DHAQERERERERUeUx
wEFERERERERElccABxERERERERFVHgMcRERERERERFR5DHAQERERERERUeUxwEFERERERERElccA
BxERERERERFVHgMcRERERERERFR5DHAQERERERERUeUxwEFERERERERElccABxERERERERFVHgMc
RERERERERFR5DHAQERERERERUeUxwEFERERERERElccABxERERERERFVHgMcRERERERERFR5DHAQ
ERERERERUeUxwEFERERERERElccABxERERERERFVHgMcRERERERERFR5DHAQERERERERUeUxwEFE
RERERERElccABxERERERERFVHgMcRERERERERFR5DHAQERERERERUeUxwEFERERERERElccABxER
ERERERFVHgMcRERERERERFR5DHAQERERERERUeUxwEFERERERERElccABxERERERERFVHgMcRERE
RERERFR5DHAQERERERERUeUxwEFERERERERElccABxERERERERFVHgMcRERERERERFR5DHAQERER
ERERUeUxwEFERERERERElccAB52UiEBElns3iLoWxwgREc0H5xGi2XGc0Fwly70DtPQ6Dw7xv0/3
gKGUmvLn9P8mqiKOEaJT5+JYwdzGioIfB5rjgc5AnEeIZsdxQouBAY4z3PSDRWf0U0TgnDvu+9P/
bTT9IKGUKr+ntZ5yYJl+kOEBhroVxwjRqRHxIQz/vwpa+VCFAmBF4CAQ8QGP+DgRgVYaCj6goZRP
ITXaf+4FU8eTAscEVQfnEaLZcZzQUlHCXJ8zTjwwzPTlnIOI4HuHWvjWwRYeGC6wc8xh3AosFKwD
nAAO/oRTaV/FJM75E1MAWgFGAwaCPqNw6QqNa85K8PL1dfzYhjqUUuXB5URfRMtpLmNk+kQZP9fR
9M9z5zaiuK3pEzfHCFWBiADKZ1rET7UCYJ3DpC0wmmdoFhbHWpMYajUxURQYbrUwXuSYtDla1qJw
DoVzgAISpZFojZrW6ElS9CUpVtXq6KvV0J/UsKbRwIq0hhVpDT1JAqOmPq9AAOHJKXUHziNEs5vL
ONm6T/DgXovdhxwODAPNXEFEwQlCsNzPBXHsuHhNosQHyxWglKCRCM5ZDVyyTuO5FxpcvVlxnDxN
McBxBpgeCY0HDeccnhy3+PK+cdx5NMe2kQIHm8CEqDJwMZ/nVErNGGHtVYKNPcAV/QletLaG12zu
xXl9Blrr4w4yAE9WafGdbIzEn8XPpDEGxphF+1yKCKy1sNaWJ6vx+TlGaLlJyL7oLBuxIhhoTmLP
2DB2Dw9jz+gw9o2NYihr4qxGA/vGRnG0OVkGMwpx4bOtji9XEYQTUh/sMEohNQZ9SYrz+1ci0Rpw
wOYV/biwfxUuXrkaF61ciTWNXpiOfXLiT2xjmQvRYuM8QjS7k42TI8OCu3cV2H7AYt8gMDih0Sz0
gpUpTr+idSJoGIezeh02rwGetSnBD19ssGEVx8mZjgGOipqe0tV5APnBsMXHdo3iO4dz7G0CDsqf
US7g854KIw4X9AA/fk4Nb7uoH1etmhrsmJ5KRrQQTjZGOu9+pWk65Y7acnDOIc/z4/aNY4SWSucF
Wvz7vvFRbBk4iq3HDuOx4QEMtlpT/k1PkuDCFStxcGIcw1lr2snlbHPF1M9xzWhs7F2BQhz2jY9N
+dmqWg2XrTobV529Ds9Zsw7nr1g5ZT/LLXJs0ALjPEI0u5ONkz1HHG7eVmDrkw5HxxPIDOtbLNSV
6Jy2Iw7rVlg85wLgZc9KceE6zXFyBmKAo2JmiogWEwM4+tQDeN3uq7Fz3KKA8Q9Wyo/2eQ7Q0/qI
+Hzi6eewEBGksLikR+MVGxv4vWcAvb2rTxhJJTpVM40R51z5uUqSBMaY5d7Nk7LWoiiK8nXE8cEx
QgvNhQuhZlFgoNXE3rERPHT0MLYOHsHukSGM5/mUx8dTUxFBf1rDNWs3YMfQMeyfHJ/XfjRMgivP
WovMWWwbOIpQG+Mbl6r2hNKbpLho5SpcfdY6PGftepy/oh9rGj3oSdLQ54PjguaP8wjR7GYaJ4eH
HL6xtcCDex0OjipYmX2cLGWAY/pDNCw2rhJcc4HGK65OcM5qjpMzAQMcFTH9AGKtRXN4H0af+B7c
yJMYsho/Mvh2/+DlCGhEMzz1ybZ3ff/nccVZK7Dmkp9AbdVmGHN8KQvRXMw0RuJJXZIkSJJq9lQu
igJ5npd35DhGaD6mZzwcmhjHg8cO4+5DB7B18AieGB3BaJ5NuSMXP2HTG4GurtXx/PWb8PDgUewb
H53XfvUkCZ6zZj2atsBDRw+3e2+EQH1ZEql8iEUB6K/XcP6KlbjyrLV4wYZNeM6a9djUt6Ls1RH7
hxDNFecRotnNNE4eO+hw/T05th0wU4Iac11Va6mCHCf7caIsrtzo8HPPT3HZOZrjpMKqeaR+Guk8
iFhrkY0dweDub8MNPw6NHFluIQIkad+ClKGcdrbGaW6jsBYY3YNjD34ULWuwYsPlWH3RT6C2Ym15
YOFBhU5m+hiJd9nSNK3syWinzpPqoij8cSDLyhpvjhGaCxF/mhkzHPaNj+LLe3biO0/txb6xEYyE
oEb5hfah3Z1om4gni/M/My2njektO6YFWkRc+bDRVgsPt45i28BR/PuTj+Pcvn782Kbz8NoLL8WF
/av8vocLOo4OOhnOI5xHaHbTx8mTxxy+cE+OLU8ATZdAobbcuzirmA84k0IMHtpv8OD1QN1k+KEL
Fd70/ASbzuY4qZrqH7XPUNMPIjafxNCOG5Ef244sL1CvJVBKI02AVm5xOieYJ2oUOienmKlx0k0p
v8BgI3HIj27Dk/u3omfD1dhw5Wtg0h4eVGhGx40Ra6GUQq1W6/rU4dMVT1Ljyam1lieoNCsXjs1W
BMeak7jlwD780/aH8PjIUDvoIVI+Luq29M7p++P3V6ChMJy1MNhq4gcDR/Dpndvwtmdejddf9Ayc
Va8jUQaO5Ss0A84jnEdodtPHyUTL4p+/l+HOnQai/KXkiT4xaqZm011OKaBlE9y5C7hrZ4EXXZbh
13+8ht46x0lVMMDRZWYKbBx9+Aa44cdgjEZhHeq1pHxslls0agaZzG2QzbTqyZwtYFAjSsJr6uxC
XksMiqM/wJ6bH0Lv+iux/urXM9BBpZlOSLXWaDQay97kbakYY9DT0wPnHLIs4504mlHMxJi0BXYM
DeDre3fjkcFj6EtrGMla/pAuPiuiWqefUzkRqJDhoZTGULOJb+x9HPvGRtFIEvzUeRfh8tVnozdJ
w2M4Np7uOI9wHqHZzRTY+Mebc9z7hAFUzTdlWqDJI7YN7JbtRKIMbttpcPtOi2svzPCen2SgowoY
4OginQeRvDWOge1fgRveAaWVv1PlHKyzSEQhKxzEORjjJ+JWXpx0u6dshiah88r4OMGT5IWDaSgY
bZCF16A1kBdAo57CDe/AU7f8b6RnPRPrrnod0nrflIMKPb3MdKft6XRCOl08IY8nqHmeH3eCSk8/
sWxEKYX7jhzEl/fsxB0H9+Gp8TFc3L8KfWmtDH5U7c7aiZQVLuKgQ0nKSNbClx7fgW89uQcv3Hgu
XnPBpXjBhk2IBTgcHU9PnEem4jxCM+kcJ8OTFh/9dhYCG+mJ0zVOoIpZHNMJNO7eo3HP//WBjnf9
RB2r+jhOuhUDHF0gRkjjZDv61AMY3PE11FNVTriJ8YOnniYQAeqpAWBCD46Zw5VzCkR0do+bPjbV
8UGNUwtunHjjElKL6zVTtg6p11IAAnEC5yzy3CFNExgNFIOPYv+tf46Vz3w1Vp37Q1PWmOdB5cw3
fYw451Cr1c6I2uiFEE9Qi6JAlmVwznGMPE1ZcTBK4+DEBD7+yFZ8ac9jGM0yuNC7wokLwQ1ZwGB1
d4mvzzmBCHBgYgxfevwxfOvJPfiZCy7BO654Djb1rSjfK3p64DxycpxHCDh+nNyyPcNHb1WwMnNg
Y6EzJpbCyfpwzCYGOu77WIZ3/ZjCS6+scZx0IR7Vl1lnB+LW2GEc2/p56HwQPTVdHmSiZiuD0Qba
tAdPmuiQ+VBbkNVPZtrGfE+C/T+feRutzAINICssEq19UAUoy3AQTlK1VnDOYmT7lzC+93asffab
UF+xfkqHYzozdY6RWCvc29u73LvVlWJtdavVQp7n5Qkqx8iZTyBQUGhZhzsPPYm/3XofHhka8CtA
QJX9NUTmf0yvAhGEII4r70QOZS18aud23H34AN5z1Q/hRzduxoq0xv4cTwOcR+aO88jTV+c42Tdg
8Vdfz7F/OJ11DYO5BDnmksXRTcGS2fbFSoIPfwf40gMt/M4rU2xey3HSTRjgWCZTI6QFDm/5fyiG
tsOvgqcgAmR5gTQxZRO4ei2FdbGTvC9LqadmWkBgDmZY9WT+pSdTa1pihsZsaqku7yRqo+CcoCgc
0kQjLyxqqT9YWOvgxEFBIR87jKdu+2s0NjwbG5/78zAmNDhi5PSMMv0ugog8rdOIT0W9XodzDq1W
CyJSNsvjGDnzxON34Rx2DA3iszu348a9uzGWZ+XvOmZvPJ252KMDwGNDg/iDu2/FK867EL946bNw
+eqzkYbjCsfHmYXzyOnjPPL00TlOCmtx3TdauGO3gVKzBzeezpQC9g8neO+nLV58aYb/8tMNJBwn
XYEBjmUwpWHP0FM4fP+/om5ypEYDUCgKi5a1ZX8NrRRaeQGtFNLED5zCOjRqiY+Gii/rOKlZlnKd
f3Dj5JkaJ1JYB6eAWmp8cEcBxvgATzvYYWCMhhR+22lqYJ2gOPYD7P3uY1j/Q29H7+pzWQd3Bukc
I0VRIE1TpGm63LtVKVpr9PT0IM9z5HlenqByjJw54t2wiSLH9bt34FOPbcOukaFyVZTYZ4M8QXuu
i+/ZA0cP4Y2XXI6fv/hy9NdqZSYMVR/nkfnjPHLm6xwnuw5m+NBXHCaKagc2ljwTRGnctkvjvn9s
4X+83uCSc2ocJ8uMIewlVjYRzXMM7bkDAw/8E7S0kOUW1voTUpNo1Gu+10YrK+CcwCiNxLR/XUoB
eW7LeIJfKraDmvaFdoR2YdKT2xuf7za1BrI8rqKikBgNrRXqqYFzAuscAEGS+NdfFA7iBHlhgaKF
g9//exzddSvyPC/raqm6OsdIURRoNBo8KZ2HNE3LumqOkTNHjCePFzk+eO8d+LMHvo89oyNQ8GNo
bjl0T1/OOUAEe0dH8BcP3YMP3HMrRvPMryqz3DtH88Z5ZGFxHjkzdY6TGx9o4Q+/CEwUp3fvm9fx
wGSR4P2fA756X4vjZJkxg2OJTEn/ylo4uuWTsCN7YbRGmvi6NGd9Q7RY7CEi0NqXaviLe3/0yAuL
xGiYVMOJb9RZc2G99kVYyrXt1MpP5sJo/7rqtfZ68/69UlBaIUk0sty//vi++Iar/rHWOggEwztu
xOSRR7Dpeb+CpFb3e8v0sEqZMkaKAkop1kgvEK01ent70Ww2ked52VSPY6SanAgK5/DA0UP4k/vv
xKNDA76+maUop8w6B6cUbty7G9sHB/AHz/sRXLt+I2rGMI+jgjiPLB7OI2eOznHSygr86Zdb2HGo
dsqro5yqM2E1ldmIUvj47Qp37mrij15fL1sIcJwsLQY4lkBn+tf44D4Mbf1XaLEwiTkuq0JE4ASw
1iJNTDkYmlmBehqyJgTIcot6zSDLctRrqc/mOEmj0NPTHogxqKEArGjUUJ/tTkhHanRn5UrnngmA
XjeJwloYraGVKjvfW2fLes96zYSGcYCzFlYBifZZHk4UjNIwRgFje7H3ex/C+mt+FX1rzmd6WIVM
WSI5z1Gr1Xi3bRE0Gg3keY4sy5CmKcdIBTkR5M7hhj2P4Z+2P4Qnx0Zj6HmZ96y6RHxZyp7RIXzg
nlvxq8+4Cm+45HL0JInPU+T4qATOI0uD80i1dY6TnQdb+NOvCJrF4gc3nlYU8OihFG/7vy188A0F
Lj2nznGyxBjgWGTxQFIUBcYOPIyRHdcDABwAsf6ENHa3T4zP1rBWUEtN2fjTiSDRPrjhnEOatrM5
tNZwTpAYvQCBjZkahbbVkwSXbVyLRq12ohfrgxAiZUCiM3gT24TEv789uxEXFONoZa6jGZ6E12NQ
WIfEaDgXfi7t53EiKKyD1ipEoePztnD43n/E2Ve+ESvPfTaSJOEBpct1jpGiKNDT08MGcIsonpBO
Tk5CRDhGKkQAtGyBv3joHtywZydG82wByw6f3iTUpuwfH8Nfb70Pu4YH8dvPfT766rWykSt1L84j
S4vzSDV1jpO7duT4u+8oAGbWf0enJ7MpfvfzDr/5siZefEWd42QJ8ei/iDoPJAO7b8XQo1+A0f5D
7a/Xw0V6CGRY52C09o8Jn32llM9u0BpK+ewO56TctjE6XNif7gnu9F4amPGEWSngmZvWzxjcKFPd
nP9yTkKgwvk/BbCunakiIviV5tfwGnsXnPNBGqO1bzjq/AoqSqH8M64trbVCvZb41xxq2uISsoDA
GAWtFJQChh/5PI7t/B6KovD16LwA6EqdYyTPc56ULpGYahwvBjhGup8AGGxO4jdu+xY+seNhjDG4
sShEBONFgc/segTv/O5NODoxwdyYLsd5ZHlwHqmWznHylfua+NubAV4GLj6Bxl99U+H6709ynCwh
frIXSaxty/Mcxx77FsYev7nszG5Mu0d7bKipQ4aC1gpp2q79jaUh1jmI+MfHIEJhHYrCZzmc2lDp
6Dw65XlObN3KFailUxN+4sHSxcCGTP9qB2PilxPBL2bfwmvtXRCBL08xCk786zBaAyEg0l4YJtYK
OljrX7cTwGj/Pjrr765p+J4dPvMFGH/8mzjyyNfLRj88oHSXzjFSFAVWrFjBk9IlpJRCX1/flKZx
HCPdJ2bFPTk2gg/edwfuOrQfCmqegW06GREHpTQeGDiC37vru9gxeBSWK9J0Jc4jy4vzSDV0jpPP
3TGJz9yTQOmpCxd0i27alwWjND75/QT/esskx8kS4SywCDobXB19+P8h238HlFLti30H5CE4YUOA
wCQ6ZCJ4ZcZD+O800eHv4i/slUItNeXKIkkyW4rZ1CVVTpatMZP+Rr3j3/mAi50W2LAiZWCiM7Dh
ROAAWAHe2LoZv2BvRWEdrLN+NZTcvxdxPwrnkOcW1vr3xrn4PrjyoGC0D2LokO3it+dgrc/syAuL
3DpM7LsDhx76HIqi4AGli3SOEecc+vr6lnuXnrb6+vrKuzocI90l/i72j4/h049twy3794bjLe8A
LSYfVPJzyZ2HD+C6rffhieEB/zO+712D80j34DzSvTrHyYe/OYkvb6mxRAJL33JEKYUbHkzxlzc2
OU6WAAMcC6zzQHLwvn+GG3wE1gFK+xILF9ISjFZIExNKKtr9JST0oNDKD4a8sOHiH+VdCa1VWDrV
L5ka/uEJ9mjqUq6nm9KstCpLTqaUoQCwIYjRGTCR8DMH33tDBPi51s14s/0erDh/B9IJktT4VWDS
UJcWXpNSgFZ+lZTCOmgAaWKQJAa1UMNmjM/WSIxGLTXlnU6lUAaLnLNoHdmK/d//Jx5QukTnGAHA
DvddIP4OOEa6hwCAUnh44Aj+YdsD2Dk86HtBiEADp/8VMgYN1Py2A8Aovy2tFmhbUOX+LcR+mfB1
utuJXakeHR3Gvz36MLYePtD+3dCy4jzSfTiPdJ/OcfLBL7Zw1+N1NhNdRkoBd+xO8Uefb3GcLDI2
GV1AnfVtBx/8DNzYU0DItkhDpoW1Dk4ctNKwzqEoLJLEn3SqcDrle3GEXh0xS8E/A5zz3d6VUrBW
kBgfeLBlPceplZ7M+bU5lM8RAwl+++3nKVeCiV+u/b03ZTfjF/LvAomGLXxGinWhHMUKlBJopTrK
UvzzqXCGacWv4OJEICEo5Fdd8SUq/qTYr/PinMBoDees32cNFKNP4NDD12PDlW8I/TzY5Gc5dI4R
5xxPSrtIo9HA+Pg4AHCMdAHnHPZPjOEzO7djTaMHa+oNaAC5m99SsOf09OGcnl6kWmM0z+a1rb6k
hmeuWo261jhvxcp5baumDS5ZuQqZc+g1ybyCCAoKF6zox5pGDyaKAnaey+eu7+3DhhX9uGHXDvSl
NVy46qywxDktB84j3YvzSPfoHCd/eVMTjx05wQIBtOS2HUpw3TebePdPNjhOFgln6AUypaHojm/C
jO1GYnQIRsQoqs+AUGhnYKSpz+KwocGmIPbl8CUpJtGhV4XP4shzCycOCr5kQ/KkA5gAACAASURB
VGuNvHAorMVCZGpM0THYOstQ2tka7dc9PWMjZngIgNe3vo23yC1+2VvEYI8KvTt8wCcGTLQCdAwI
iSBNDIxWcGHFGQUV3gtfrqPggx+Fc4D4AEkeyl0So5Ea/xEvrEPr4IM4sv0mNvlZJp1jxFrLk9Iu
1NfXNyXlm2NkeTgRPDU+ik/v3I5DE+OACHJr25lz8/gS+GO1COa/LXF+W1iA/RIJ2X7teWZeX4hz
lJv3fhXWwolgDIJ/274FuwaPhb5YHB9LjfNI9+M8svw6x8knb2vivr0MbnSbbz+S4l++1+Q4WSTM
4FgAnQeSwV23oHXwrvLuTrxw9xfg/uJdG+UbUkCF/y+XTPFZDB136HToNZHnFgqAMT7gIfAX/4Bv
WmrcQiwTi3I/pv93bBoaXy/QsQxs+T60/x6/95rm9/DL9jtAolE4v2JMzERJjF8lxVq/DGwsL1Gx
bCesLuO/6cKKK6pszGqdL3XxmR8OSiukxpe56NBoVEKDUqV8NG/8ydsw0HM2zr7oBVyuaQlNX8KP
J6Xdq7e3t7wDxzGy9ATAUKuJv9xyL2458CSc8yV6TgT3HzuEzNp5bf/ClaswlufYMnAEA83JeW1r
Vb2O1BhsHzyGp8ZH57WtniRBIQ4ta7Hl2BHMp6WnVgoTRY5NfStw/9FD88562dTXDwGwbfAoDo6P
4cD4OD7w/B/FxpWrwCVklw7nkergPLJ8OsfJF+9p4qaH0zOzcec8LXc4QSngK1sSbFw1iZ+6pofj
ZIExwLEAYo3b6MGtaO77LiBAllt/8e586UViNEyiQukGymBGUVgIwkV92F5hHRJjIBKWQBVBkuiQ
3aHQyizqtaS8cHfOZ33MyywDqgxehICD6wimuI7SlTLYAeDlE7fj1+RboUFqKEUxCMEMB+WTLnwe
RjhJtM4v9wq0X5NWCiq8HyoEPZwTFIVfJjcxGjYX5NYhVRpJ4pecRQhwKKWQaA2E38fQI1+GqfVg
9ebntoMptKg660B7enr4nncxpRR6e3sxOTlZjg/+vpaGAJjMc7zvzu/izsP7fdBXBHnof5RZi2ye
F+u5dcidQ+bmv63MOhROkC/AtrR1KMJrzZydZ4mKL+XJnQ+YFPMM/ufOonCCzDk0ncOtRw7gfbd+
E9e97NXobzTmtW2aO84j1cF5ZPnEcXLHjgyfv9dMWcCgCp5OiQxKKXzkVo0VPS28+AqOk4XEAMc8
ubCyx9jhHRjfcQOMMWWXe+ecX7Y0JCHElOA8t1BKwWgFY3S5SkhnSW8R0pHjSimFdTChbCVe5AM+
aGA0OnpwnIJTGEQxE8IBgMiUbA3/847ghghePHkPfhNf9/teuLJBqjEazjqkiS5XWoEAJtEoCgvr
gCQN/UrEAQ7Q2pf1lG9iufuqfAmJNmUKt8CXA2mtYJSGFV/6o8N7bq1g4OHPwzRWY+W6iwC0G7jS
wotjJM9zNBoNvtcVoLVGo9EoT07j92jxSAhg/M3W+3DbwX1hKVjHOtIuElcFg9K4Z+AoPvT9W/CB
F74UjSTlSeki4zxSPZxHll4cJw/saeG6b8/9/V7OoMLPXqPw6msSLHQcRgS48aECX7inuyMmShn8
5b9brOlv4lnn9QDgOFkIDHDMQ0wDa02OYWDbF1APmQcq/CxeYBfOAU6QJApKVCgz6bxQ91kQhQWM
DtkSCI1HVXtp187Hx5VMAJ/VUa6mciIxOHCKJ2FxP+Myr/F7Mwc2/J/XNLfi/eqrSIxpf18EWvv+
GDqU5Wjt+2kkie9BAqVhjA965NaWu+ssUEuS8iWIcxDxfTpi3kvcIwmVP2liyoyTJKR8iQiSxEDE
ItEKRx/4F/T8+O9BqTqjpoukHCOtFur1OoyZbTnjbiFAMQqM74YM/wAYvAVy9G7I6F5olfmsq7Lh
DMIgEEABosRnJ1kD1X8esPZayJofhTr7uVD9lwLpav8UXf55M8agVqshz3PegVtkAiBzDjfs2Ykv
Pr5jShCbuo+Ig0oMvr7vCVy2bQt+8VnPQT1JQgkmLbTqziPEeWTpxHEyOt7C337DASpd7l2a1d/8
Uoq1KxxE5ld6eSI/d63GT16l8K6PFYuy/YUi2uCDN+T4l3fmaNQ5ThYCAxynqbPG7diDH0eCAnkh
ZWZGDEKI2HLlD5f7i3v/cw1r3ZQ+EnG7ZWmGVqHEJa4K4vtQ+HIPCxN6UQAoyzqmmD44TjJYZjuZ
jiuilCuk+H/UkUbsT8ivmHwYH0quB5TP0FBK+fIaEWhRkI5d8JHm2BzUB0DMtCi/sz5w48RBXAju
hFVXnNMIlSehaWvYDuKytlKu5mKMLrM6YkGNRob9d/0DNr/wPexivAg6x4gxBmna5ZOtOGBiF9z+
G6CO3QQ5ch+gBZL5jCUFAPEOrrQDd1Ob0KA9LsTCDe4BBvZA4XNAouAsoNddDWx8FdQFbwBWXQWo
7o3U12q1MiWcY2RxxOy4LUcP4Z8f2YKRPFuYJtG0aOL8N6mAT+x4GBeuXI2XXnixD3xyDcYFVbl5
hI7DeWTxdY6T//nFHE1bBzD7fZTlnGY+8LoEa/rsou6DiGBlQ/Chnzf43c8vThBlobRsit/9bBN/
/mbNcbIAuvfMuotNWTFl57cgzWPQISvDWhd6asQeElMzNSJfjiFl2Ur8ENuOLvnTm6z5xpth24mG
0To02JQyMBC6dM6hp0bHsq5zOLo4ABbtm9U+2OGzSyQENy6d2I6/Sr5QluEAvtTGB3t8E1Ad+mxk
eRH6ZEgovwnNVAvXXgLWhatKBcSGrDYELYzpXH1GoJWGgoRAkc8MKaxfbSa+t3ElGh8U8tHRYmw/
Dm37WtnFmBbG9GZwPT09y71Lx4uf+2IEsvP/AN9/Iex3fxjyyB/DHb4PYh0k859RBecDIKc0E0sY
Hf7fudxBrIM9uAX2/j+FveFa4KtXwj3w+0B2bOo+dZGenp7y98gxsrBiid5kUeBP7r8LT4yNMLhR
IQLgQN7Cn91zO0abzRD45O9uoVRiHqE54TyyeDrHyadvn8RTI/WOnx1/WhG/txyHqnhd859+3OCZ
G5buc3DhWsFv/VT3X/I+PlDHxztWVqHT1/2/7S4UDybjR3dhYt/t8ZsAOuMK/j5OmvgL8RjwMEbD
OgkX2+2LecD3nPAnR76BZlH4Ph5K+YBIZ8zCX6j7i/ayhGWOQY3OE7C5nox1Nhn1/0SV9cgigvWT
T+Dvks9CIMgLGwIxqrybpVW7LMda68t3jIY2vtTEGA0NQBvlS3rgszBMuLutwvKx8ctaC9/cxL9f
xijokNEiYZUWrbQPFoVyHv/eu/IkNM8trBWM7r0NI4d2hAwZHlAWQhwjWZZ1Yaf78Jmf3A3c82rI
dy6Be/RPYI9sDyUnEjoBL8bsL2WgRAqH4vAuuAf+HO6TmyE3/ggw/FB4WHddJPX19SHPc46RhaYU
Jm2BD957B7YP+SAXL5ArRik83hzHb998E8ayVteXnlVJd88jdKo4jyyOOE62PdnEV7fMnJi/FEGN
uW77FVcpvOSZi7cfJ/KCSxRee033H5+/usXgoT0tjpN5YoDjFMUDSXNiCMe2fBrOorzId06gtYaz
vv+GDanqaci2mGlbReFCRoQvwfBlJxrthAyfbWCdQx76bNiQiRD/22iFws58ZDmVLI2Tvm6/N2W2
husoV9k4sRufSD8eVlZpN04tCluWzhjjMzeKwiJNEt9gVSskxvjrydBoVKuY3RKaqp7gIlOpuMKK
Lt+jJLxvsSTFGAWtdBn/SYzPeIHy+22dgzY+BHNsy7+h2RznWtQLoPOktKenp+uaJUnzEOS2K+Fu
uxb2yO1wWXYa2RkLtjeAc3BFDrvvXrjPXwv3mQ2QsZ1YnADL6VFKoV6vI8syjpEFIiIorMWXdu/A
jXt3QYF9N6pIRKDTFN85vB+f3PoAsiKfssoYnZ5un0fo1HEeWXhxnBwdyfC/v6agdHf3p7liI/Cr
P2qW5XcvInjLCw2uPm/Jn/rUKI0Pfc1hbILjZD44Y5yi2KF4cNv1SIxfDQTwB26freEzMRTC8qbh
ZwIpVzrRobbKl0nAN92MZRSFC6us+Avy2I8jCSUZiWn36shyH0Bwoawlmp6psVCDo12a0k6+3zSx
Cx9NPlH22wAQyk2kDCwAvm+GViEro6NfSOf7ZEM2Ssz8KDM9tA+Y5IUNmS9+D8RJOxBUPo+DNhom
lMOIiP9vHTNJ/JK9zkmZXZMYg0Q57Pv+v8Bay4jpPMUx4vuvdEubH4HkQ3B3vwK47Qq4sQOQIpSd
dAkF8Q10hweALz6rm+IbAIA09StFcIwsDKUUHhsexKd3PgIrIcjNE5lKEhGkPQ18bucjeOjAfnbh
WADdOY/QfHEeWVhxnFz3zRbsMrZVnMvUtXGV4Pdemy7r7905h//+Mwk2rl62XZiT3KX4s6+0OE7m
gQGOUxAjpSNHdiMf2oPEmHJFFN8QRpWLKfiyCBdWR3EhNcw31VRlo1H/b+JqKUnisw58UKN9iuQz
Q9qlFz7zITxfWGkkDY08F/wEOfTz8Fkb7cCGANg8uRPXyb8A4vtdWBsHoUKSmLIviF85xWd2GK18
CYsAWW7hxDdazQobHmvLDJHOLsJ5bkPZSWi+ah2cCKzzfxbWZ304J+13LvTvUMo/Zx6eA6G8xxhd
/g4ABYzvxcihnYyYzkPnXbdGo7Hcu+O5SciePwduvwzu2L1wuc+a6FriYCcAt+PvuyoAAwCNRgOt
VotjZJ6sOEzkOT63czt2DA/AddnvmU6diGBf3sSntm/B0OSkX+acTktXziO0YDiPLIw4Th7e28TD
B2rLvTsntbIH+MPXGWgsf6NPoxz+6PUGZ/ed/HHL/dHcuj/F1j2THCeniQGOOeps4jO8/fryjoLA
Zw208sJfnDtBYtoX5iLt3hGJaXfELXtyaI2ikPLC3MTeFDoGB2x58hszQJLEhGCBDgETBdgFOGic
pFFpDBsIfKPRCyZ24O/Np9BI/GszYcWXmF3hrCArXAgmKL9QhPieIb4xaniqsFysCUvG+gCPmZJ1
oRBXuZWyf4nfTYW4UKxSvoxHh8arkQnbcE5gC+eXn0VoBhu2Za1DXhQQCI7+4HNlcx8eUE5N5xhJ
07QLUooFMrYdcveL4B77M7im9Q0/K0BBgLve23UrrGitUavVOEbmQQBoKNx9+ABu2vd4mWlG1SYA
TJLglkNP4Xt7dkGHVb3o1CzWPOIzpE7yhUX4mr7d2fah27/gTlg2fCo4j8xf5zj5u5vtsp5vzfbr
qyeC332NwcpG9/yeVzUEf/CzCXqWYFGm0/14K63xl99wHCeniXl/c+RXSLEYfvJe1HULsclmUVjU
0qRcOQUSejto32AUaJefAIDWvk+F/2+EDAyBCn+x1i+Xmhhd9qJIjS4DIjEbAfBZG1BAKyvQaxzW
qQkckdNoxNXZFK0zqBGyKCSkicRLw83jO/B3yWdQQwFXNjuVsqZcBOUKL1B+6Ve/okksYfG9NZRS
yK0L2SehR0Yob7Ghj4l/P6U8QOhYehL3Eb7PqBMJwZL4/itYK2XGSGI00FGaqMP6snFJX+d8qVCR
jeLI7ttxzmUv4TrUpyiOkTzPsXLlyuXeGeDJD8M99j8ghYNagJOypSVAs4A0D0I1zlnunZmi0Whg
ZGQExhiOkdMgzuFocxIffvh+DLday3+biBaME8G4UvjIlvvww5s2Y9PKVWw6eooWYx4REQxN3o7D
Y59q36pRMclzap1r529rxv+WaT846RP7xypp/3X69uLmYjbunDY77bHTtyvTH9zxhJ3nTjNtd/pj
29/SEJXj3BX/HT21i6Dn2euB88j8xHHyra1NjLS6N8tJKeA3X2Fw3lndd3Np0yqH336lwZ98xZY3
XbvNcKuOmx5s4tXP4zg5VQxwzEGZLtlqYnLvzUiUIK4qorVfmSNNfNOcIjTHBBCagvpRY7Qu+2VY
65dMjdkFMfIam5KWlEItMR29LTSyvIC1DrVagsIKamnil2QVh/+54ha8e/Sn5/7CTjBQZlplRUID
0U0TO/E3+rNIXI4CPjNCxGenSAhExL4hMQMD8CcRSgHOCgpYJImBC0eULLdIEx3eB0HesXqM1qGf
ho7BIr+twjpIR/DEr6TSzpCJZT25tWEFlSQETPyZgXUWtqOvZC3RPoiT5xh+7N9x9vn/AVr38oAy
R92WUiwPvBJ24D4oV8XghufEQN37QZgXfbjrLpIajQayLCvXaecYmZsYNP7XR3+AHwwcDf2ZwCDH
GURphV3NcVx3zx34Xy97Zfk7p9ktxjxibYHhiQewt/lLaOYH4O9tqJCkqsr/1og3qcqQB5QOwYky
GqHKpLrpv9HOgEX5vdDQXMVTj5Psp6jOn0tZ7lxuQzqCE2qm55t6DDkukFH+e5lyzCm/J/4nEn4k
Ap+vEaIc/vJUo5DduLD/c2jUzpp31gDnkdNTLnbQyvDJu5Y3y3O2qeutL9J47vndO8VdtRl4x48p
fOS7XbqDAD5xp8LLr8rQy3FyShjgmAOfqVHg2MPXI1EOrdyWS8CqsHoK0C5XcSK+JCVRcC5MpPBZ
DpB4IY7jQu1atVdLSTr6VfiMCF+6Epea1cpPtCqUvmit8BLZjXf33o/rJn7o+BcxhwFxsvQngcK6
8cfx4fSz6FcWIr48Jk106JfhJ8fEGGitZ9iWDwYl4bVnWeFLbbTfdpZbaOWQJAaJ0chDHxPAl+AU
1pZ9PCT8nxKgCGcNEnp61BIDP+eGZqXOv8lZ+J3VagYIv7M0BFm07/KKPGTj5HmOgw99Fpt/+JfL
iZdOLo4RAKjVlrEWVBzk3qvhhg75cpRY31TqvI0VzlwFKMP3XRTGV2JhDtx4/A9EMPyuv8bKD/8G
0BEAXUq1Wg1ZlqEoCo6RUyAAHjpyEF94fEfIOjv5cZcqqpbihj078dOP78SLL76MTUfnaKHnkXgh
+Oihv8bR1mFoZaCUz+xUIcvUJKkvdQ39vdrBDwOlbJg+dHkeh47ggipP5OI0U+ZjhD/bfcnKuQYa
UDYEERSU8jeJYr6EQIVgRrxwtYgZw3Hb0vk05R8aCq4MVPjXHx/fvlEl5fdjb7jOG1q+lCeubFfY
WP+vYF2Bwloc1LejOfB5PPeyd87798N55PTEcXLdNzMUsnw3lGabul5+JfCKq7p7jhMRvOxZGvsH
Lb760DLtwyw/z12Kv7qxhff9bMJxcgoY4JhF57KwzWOPoreR+gvw0PQSAGqpzy7QSqGWGjjnI//W
AmniJ7aisHAQpMY/1jkXek6YMpNDhTKQzuahIhICGBqFtUiMgYJvumlCrw+/KolCLdF4b3oPXl3b
iZsnN+EptxLaGH/9FrJGfL13e26MJ9nxtSqt4KyUdzcEvnSjViR4d3on+lUGIPTSiA1SxT+/MRpG
qbLjb7sPiYTH+0CMz9iIF2Z+NZT4HsZtK4jvMSKCJGzHOoEKuZ4q9DUJW4CIgtH+7lmW+5IUhXaf
k5nyP0WkfA/j363zy/ZmR7ajOTaEZPVaRkxn0XnXra9vlq5Ni7cTkOwwcP8L4caGMOuUocr/iUv5
tI+GAsA6ILOzzzyLSiAD+6HcOGBWdHxbUHvuJZj8qT9A45PvgzrnrGXJ8Ojp6cH4+DiSJOEYmQMn
gsk8x5ef2IXRrBV6NHRf2i7Nj58zFWy9husf245nb9yM/kZjxqXiqW0x5hERQavVwtGBEQzkrXBz
yIZzkXgO48/XtIqNzaW9sp2KGbbWl7KodiCjXdrS/m9RChDXcSwMQQ6JeYQCoH0DqL36XDyTQUfw
XftghPPP4Zusx+345/EPDc8dUzTCOZ5//YBS2q/OBbQDGiGAIVAQF08I/X6IIDTIB5wo/2f4slZB
pMBZK4oFy7LhPHJq4jgZGMlwzxNpt7XpKl15ruDtL0kqsQKIiOCXX2Swf8ji/ifi95Z3n6a764kE
x0YybDib42SuGOCYRYyUDu34+pSlRmtpUmYtQHwfDK0U0tTfIYjLmVqrkRcF/DKy8ULal68Y7S/K
O8V+G/F6PE3882S5XyrIGN0x0bY/4FlelEGCy5IBXNJ3DFlu0agnfsISQZ5b1GsGserUOUEr95kU
KmxDKQVd98vSRs75C/9EtJ8sgbDUqkOWOaTheY3WaIVyk7hrsdwkNh/NchsGp38+P6E6KAfU0zSk
8/ob6aIAKZfA9SciMeOi88Z8DMiU6ZIddaRFyIYprCBJ/GQeV2qJ/Uziexx7ppgQHDm0/ctoXPtW
RkxnEceI1hrGLMMa7CKQiV2Q+38C0pzAvKMSCkCi/RcA5BZouWWZ8awIzO4vQF36Kx1BDAXzzM0Y
mZiEe9OH0PiH30Ry+eYlD3KYkK3Fu29zI+Kwc2QQtx98Cr6obmk+TxoKdWP8Mdd2/8nmQlIAasag
DgUrgpYtluRdF1+riXuPHsKWQ/vxwvMvYqnKLBZrHrHWlucVMSNUKSnPIXzOhgt/hrMj5bNENTR8
Fka4CQXtIw4q8d9X7dCECpkXMYDRzuOIryVmUcSAhyp7byD8WQZK0G48LBL3TNoJhuWHOAYzYnBE
Twt8SHmBGbM3YhxEQkZJfKwKN4rER1RCuU5MFUH4nv+7b4y/MMcSziOnJo6Tf72tgNLdmb2xfiXw
/tekcG75V0yZKxHB77wqwe98psC+weXem+MpZfDR77Twvp/lOJkrBjhOIkZKW5MTcMM7UU8NisKW
JSZF4WCSdg8OFy7iYx+KuERsO3VRl+mDtdSEFTxk6oW78tkeZZPM8FxpotHK/KokrbwAOgIE9VpS
XpzH588Li3ot8dF5+IwP/5qAVpYD8Jki9Zr/CPg+FbqjAShgrX89zqHM1ogNPH36YszU8CcRcV9j
IMhah8QoFFDlapcioTkq2n9mBQDxZShKqZDRkQAQKON7m6SJL4nxNyj85FtY/34YE/pwiIM22pfu
wL8H1rqQyaGQ5QXSJPGvE/71JPC/0yRsPwkXAhBg4tA2ZM1J3lk4iXKMtFro7T2NBrcLIT8CeeAn
4Jrji9NvIzX+yzlg0gL5EgY6nAOe+Bpw2dva31MKZtMaGADNZgvyrr9G36feD33umiUPcjQaDUxM
THCMzMKKQ+EE39j7OJ4cHwWwNGm7DZPgP150GX7q/IvRYxLcffgAbt7/xKI/bzdQAM7p7cMfPu+F
eObqNRhoTuILux7FN/btgVvkMIe/DFQ4YnN8bcd2XLPxXPTUakjUMgSAK2Ax5xEnAkjaLjEJv52Y
UeGDE+j4E2VAQdoRgHDjyfqghghkWvmJlCUmIfs1ng9CdwQzlS8PESnPF9tlJ/FR7SCDf2pfItLO
7ghBkjLz1O+vhO+rEByJ+z7luUM2CES3n6PM6O0sg2lnegDtJ/YBEL+thTzWcx6ZmzhOxidauPcJ
syjrYL7gEuAN16bYsBJIzekfJ+1CrOy4xBQc/uLNp39ZXDiFg0OCL96b45Yd7fG5UO7ZazAxmXGc
zBEDHCcRuxQPPnYjlAKaWY5GLS3rO4zx06AJgQkVDvxa+6CADY0y08TAOl9ikRh/AS9Q/vvWN7uM
2wB8oKEo7JSLFaWUz7RQsY/E1P1sZQXqtQTWSUfJi8+EyAtfzqLDgKilplyJJQtZHSJ+gi3LY+BL
X4rCQmmFxCifdWJCyqL4zI08d2i28jJQEgMtzgmKwj9GQcEk2vfISHXodeEDPM5JGVRoZQWM1mFV
GkFuXSh58ftlQtBIxMG6dtBGqbD/ygcxbCEowt2VWmqglUJW2LJJq4iEpq8mBJX8PjkrZQNXpRR6
GwmObPsSNj/vzYyYnkAcI1prpOkSrLd1HAu57wVwk4sU3OikNdCn/aCaLHxWxyJTANToNrRPhOH/
e2WfHxsiaLUymLf+H/Tc9MdA+OwulTjRxs8Ax8jxRAQaCiOtJrYPHcPF/avgxM35xEcrhXN6+yAi
uLB/FfI53jlNtcbbL78ar7rgUqQhu+1ZZ6/FS889H1/fuxtDWQur0vrpviwAQH+thg09PRjNViKd
56oKdWOwsacPmbMYzlvzSsQyWuH552zCWy57Fjb2tsu7rlm3Ac945Cx8de+uUzrx3NDThw09PRha
0Y/aHF+n8okAeHx0CIdGRnDJuvXM4jiBxZpHlE+zhVF9ZSKGTIkUoPxzSrhB4r8NGaaqI49DFKBc
+9+pGBBRZTAhfrZULEcJG5XyRpeGiA29MHwJTLwBhnI/YhAiBkM1UJa1qY59F4jSYfsoM17L/Qh/
L4MXHcEN6yQER9pBFkCXfTfizsSgSfzsapUsaICW88jcxHHy8VtzQC9sINAo4ENvTHDuWQLnfB+c
CsYo5m0+mUkawKbVwH95RYo3XAu877MFWvkC7hsSfOQ7k3jvz9Q5TuaAAY4T6MzemDj4AyQGaNTT
dlNKtEtEOv8U8SUQsYmlQNDKfE+I9uoifrWQwlrkuR9MVquwkogKvTnaH15rfePRWmrKideJK7cD
APVaEoIcpmyWWRSuDGTE7cVSlnqawIogyyyyzGcwKBVLS/z2i7DMqtY+AOBXIQmlIkVI/001VLgr
1cqKELjwy7z6ch3/3HEfnBPUQhDEL90akjJDIMjoMufTLzOLqancTnwQAmj3PolBJAWFwrnyZMKE
5qv+Pffvay0xPu0/fD/+Pn3gRMq0TahQmnP0YbQmJ2BMPyOm03Tedevp6VmOHQDuezbc2PDiBzc6
aQX0pUCPAGPZomd0yOBeTPnUKQVVT6DEp08rAJPjE6i95oNIvvHHi7ovM+np6cHExASX+zsJEcEd
h/ajkaY4P1npL4zmeIGglcI5jV44AGP9+ZwCHEopXLbqLLz03AvK4Ebc1oX9q/Cq8y9B4QSPDg/M
60KlL02xvqcXTWvRSOZ3OlEzBuf09iG3FhOh0eTpUFB4ztp1eOX5F+Ocnqm9HHqTFG+89Aocbk7g
0MTEHLcHrKk3sK7Ri/GiQI+Z2wV4HAf5xAS+t2sHLlqzdt6rTpyJFnsehDOg2wAAIABJREFU0Vq3
MxwQLtadQJkpMYLyPER8lCAmZrRvNIn4Zh2hOaeOpwqdmRfhmWKAwsVnlRj0aGdn+Ab0Ck4sAOOz
Q8JT+qePwY12NgjCCn4xU1cpf8NJ+ShEx2OnZ2X4EIYNGb0+UzacA0lHPxG0L/D87yX05AhP7/uA
aCRq4ZeB5zxycp3ZG3fuThc8e+Nv35qgv25RgZYZXc85h42rgOvemuCdH8th3fw+y51T9O27Urxz
ooWV/Rwns2GA4wRipHRo59fQ00iglc/IEBEo0WU2RiwjiU1Dk9DUMwmlKz4jwqcjTr3v4z+UaaqP
az6WhKahPiXSrz5Sr019TLxwb7Z85kaW+z+V8oGDuPRqo57A2XbvCwlBjVrNQAnQqPtSkBjh9wGQ
BICG0T7IkYSJ1k+8Dkp0eyWYKW+azwgR8SUmOjxf4Sy00mGJXAskvhzFBygErdz/t3UOSeKbEsXs
D/9aTbk6TWpMyETxJTTx+wo+QJRojUIcxAFJWM0l9juppSZkkZjyvVDwpT6J0SgQyolCgMWFz8Ch
bV/C+cziOM6yZm+IwN3/03CDh5Y2uNFJK2BlDSgEGMoW7WlcNgE99jjUiovL7ymtYWI+dTA0Moye
N34IfZ99/5KWqiSJ7+zNu28zExEcGBvFRx/ZgmOtJgCcUnNRA4VU+95HWwaOIJtDXbNRGuev6Ecy
Qwc6rRQ2r+jHi845F/ccOYDdo0Nz3pfpVqU11LXBo0MD2D85dtrbAXw5jYigZS22Dh457e1cu3Yj
XnbuBTi3r3/Gz2LdGIznOR4aODyn7SkA5/SsAJTCI0PHsH9i7q9ThSvmPUcO4yUXX4pL1m3w3+cY
KS3VPBIzM0R1NPMMQYeQfhsCC77XhBPf5nPKYbbMYgj9MGIihUi5Df+/nWUpnRcoPrtXQoDCb0RD
wkopkFD4IvExnVkhEoImLpw9xhsz/h+UPT3KJ4zN1VG+trgfznWUr/goTVmi429wSflYEYGEQIfE
jJVFuLDiPHJycZx87JYconp8vGuB3qLff61Bf/1pmK6xyPobDn/0OoUPXH/ix5zq2avP4mjivT/D
cTIbBjhmEMs18jxHPrgTcA4m8QGB3Pm+Ej4Kr6GNKjMXYnlGzFBQkHK1Eb/UaWx46crmVrEkxImD
0brsql0UFtr4CSouexpC9gAQ+mJ07rVfvUTgAxy11KczxqyOhkkhzq+kIgJkuW9zF1d90Sqs3gKN
ZiuH0RqJMUiTOLn6uxZG+8BGXMUlL3ygp7A+IOF7eYTJMOy2cwInFmlqkBp/ol43Sfm+1UNJSvlK
QjmOj1hLmQECwGdoSFgdxfhJu6Z9cCS3FqkxqKUGrawAYhPR8JxZbstl4PyLApT2S8kW1oWVXVCu
wuKbwBqMH3gYeZ4jSRKmGAedY2TpS1ME8sTfQIbuL+9yLR8FJApY2wBGWkBzoffH3zVUo7uAvova
ddc4fmJUAjT3HoK57qto/OdX+0G9RNI05Rg5ARHBTU/uxo7hwfIC5FSyJjSA0TyDE8FAcxLZHG6x
aQBHm5OwJwikJFrjmnUb8LvXvADvvOXfcaw5Oef96WSdYDTPMZQ1MdBsntY2ooZJMJJnaBYFBpvN
0wpbPmP12fj95/0I1jZ6TvgZtM7h4MT4Ke1vwyQYzXMMtk7tdSrlZ5sjWRNf+MFDeN9Lf5JZHB2W
ah5RMO0iv/LCHWUQI168K40yuFGO1fBvYi+1zs+laleDdGRpAAg3S6YPcwHKO+T+HEl3HAva+1Fu
RaQMzMSbUEppX+IGmbr9jr9I2QzV19bE1xBuZU0p05HQmNSvmud3wPmWZuX+us4sFbd4d405j8ys
c5zcu0d3fH9hghxXbJTjPqu0MC7fqFFMHkHSs2bBtnn3HsVxMgecaU/AWouJY4/DSO5LTSQ0ARX4
JV/DDKiAkDnhL+rjCh2t3JYBjVqaAOEAZZ3zvTmgygv3MssjZIHkhUWStJePbWWFn3jKplJ+GbNy
n0LWxtQTJ98QNCn7VgiywqLVKkL5jP9+bISKEJVPjEajnsIYfwfCWldOwHnhkGUFmq0ilH9o1Gu+
JKUWylGs8+U0SvlmqPHA7LfvJ0wdgj0x8IMQ7KnXfPZGXriwBKx/XFzdJWZpQgGFteXSs50lKybx
Ec1a7FfS0W9Ea4Uk9OEoQuZHKyvK906HchznBHleIMststyity4YO/JYJZsm/X/23jzKkuOsE/19
EZn33lq7qvdWr5JakrXL1mJL2BgMMsbPAwOGNyxmWObw5gwGDscPMLyBeTCDGYYjwM/HhhmbxZjB
LO/h3SMbY2GMsa3V2q2W1FLv3dVLda13yYyI7/3xRUTmrbWrq+pWt259OqWqvjdvZmTejPwifvH7
fr/VDGvF2adaXV4d/5KCGTz1HPjQe3DJcSkHq8CGtBjwrmDw5Ej7C66kqN++JZr/8wGYZw7NHl2v
YlSrVdETWu8jbWGdw2izgS8eP+KBjaWBGxcbDsDjZ0/j2NTkvMdTRLhh42a8957vwPXDm6BW48bt
UGgi3LV1B37ntW/Elp7eeQd8jhnPnj+HZ8+f60i72K+Eq2oVXzp+BMfHzsNeas+tNY7VziOiuTUg
f3u706IvFkBHeM1xaXJfAhzie+E1/++yjWqxz6BVhvjbOtE0YP+3WLDKwpFzhR1rKF+R/fm/uWBr
GOtgbNgXeftWb+Pqf5wVDQ1nWf7tj8fh/Xg8L0hasoP1eu1yTMu+zCWcX6CtrM7a6HoemT+stXjq
iEHLtfeTmaDYUuMdd1NHctJ8EeYI5R+xKb74n7n2uZbxzu8agGmsXM5pmiqeOGTW+8kisQ5wzBHB
hmny0Je8PatMhJut3DuJsIhqcnAyAQAutCCIUK0IkyBoPwRmhSKZZDsubLaC5ziAqLMRKIJKqWJi
DwE7QhlFmMBLGYYJzYiAhghpUmwzIAKlWgsoIuUpEllu0WwZX2LiBdJISm2C/3qtmqBaSVCrJl4g
VJKzOJQIxTIwWZiBapr4a5FAKxJHE5I1EEUisloqjAUgQEfiwRUQ/GeDw4mAEKJnIowaApD6axYA
plaWI7cCFrUyAxW0OMIKhiLPzlCoRotbaYC1DrWKBogi8AQGzjz3BRhj1vxBealE6CMdR465BTz7
Y3C5xdLJfR2IagJsqq3sk9U48PTLbbXgPN2EozkmSiwlYdl//Ai4sXplM3NFsPpb7yOlYMYTZ0/j
8PRkmUDekTg+PYkPffMJHJ2aWHC7Wzdvwc/d9BpcN7Rx1dqSkEI6R7nMSsVtm7fh5266HddsGJ53
G2bG42dH8L6nHsW0WUHlt0WDQYnGKZPhoaOH42LHenQmjwQadwAaCoChAB+cLQAKa9tfcxEQmANM
KH0ubssFoCD7oPZ9eWDEWi69xnFfxjCsYxjrdcCcaJoZC5j4GYK1QJ7L54wt2lP+O4Ab1vqS3thm
L4Rv2e8zHEfBmPA5btuPdbJv5gSJ7lv8wi/j+1rPI+0R+snHHs7nZWyUAbvyz2Lxxus76+w0F/iw
Fj+djO+8pQcENwvkuNhWEAF/+2C23k8WifUSlRkRbn5rDVrjR4UBwYwkkUk1IJoOYVspS+FIO85y
K5Nnz84IrIjyLF6XiudzI4wOsCSvkOizzKDiQZQyEBFWhKSkQsCPVmbjgyyWc3AhdhoETkXbQxJX
bkK5jI1Nq1Y0YqkLIzJNkkRcXZqtPGprVLyDCsOWNEREULWaajgnQqm5sUgTDeNE4DPQqVSJPi+I
rYAMrdyAQOIUg2K1M/HMDGaGsw7GOSgq9EvCQz9RCgaFK02iFVqZEVcaIF5rZ50wa0hscxWJyKq1
DiopylxCK1V2Oj5Mup0SVvQRi1qtgz7s7MBH/h+4yUNrp7txIaEUsKkXON8EshVarW1MlvioBB6f
gp0nsRGA5ulR6D/6DKrvevuqMErmilqthkajsd5HfDjn0DIGD585hcksEw2jDh6fAXzx+GG0rMW7
br0TVw8OzfmdpErjW7bvgiKF3/7G13BkcmFAZGYQgJ4kxa6+AWyu9WBv/yC29vahP62gP03Rm6So
aS3PWmMxbXJMmxyTWQsj9TqOTk3idKuO5kWCDrdt2ob/89Y7ccvGLbP0rEI4D27c98TDeOLchWlv
rFQwAAVCK1H4+omjuPeaV6G/pwe6y/tHJ/MIwxVABAHKL6woJQAA+decizqiABDLTJTiQoDUv05A
rGMJ2xWPZFkYKZm9tpWJAAUBkbyeR2gHc/u2ssAVykcCSMNFOvBhZ6QDolLpzczrUfqsc9JOBsB+
7BePz1KGxp7VYi1A3lVmtZ7v63mkPcJ1MNbipXOVJS+eLDb/vVQmyKEd5faU/w73gfGLuYkXtZ5r
m/J9cyncP6GNAeRYSrnKfF/PwbPp+pxkkVgHOOYIYwxGDz+I/t6ZlElGM7Nxom49UyJJVBtzwjGQ
0PyrdRwpGYV2dbBxDYKYzKLDUUkSKRMBoJXoWwTtCiBYpTK0ln9nufG2tELTEqZJ0Y7QxjQRLZBY
PgMUQp7+wVFoX4gjSgoNa4v6zTRRMM7BWOuBHrGWhdfzCOUfYBG9a2UGQHCLES0PxxwFUl3oqP6w
1rpoexv2Fc5EhFARAQ8BaxiGLRKli87OoomSGYNUa5DyTjJJ4gEcAF4LxTn5LjMjQqu1SiqaHwCs
yTF29Buo7n8dKpXKhd5Kr9gwxsAY01n9DTMBPnwf5qnNuLSCAGysCcjRXD6NkPKzcZTK7GBfHgET
z/eIAQPI/+6rSN/xJqht869qr2SkaYqpqSkYY9b7iI9zzQaeOn8Wht2ShEVXKnLn8KUTR5A7h1+/
4x7snkd4s6I13njFbmzu6cEvfOUfcGx6YSFNTYT+NMWdW7fj7Vdfi021HgxVathc60FFL21FMLMW
Z5sNnGnWMdZq4ssnjuHlyXFMZpl3oZg/bt64Bb/z2m/F3sEN827DzDgwdg73Pf4QHj93ek2gUccO
lCR4ZuwcTk5O4JpOAsOXcHQij8hQTMfSizIYoVikikL5LOCBDipAASIPRlA7oMAeIAlLV2GY1XZ/
lUGK0ufC7/JnwrAwHKv8vvOLQCW5D3k9mMb5F8lLb4Q2hfaGcwigTAA4ytuWAZZyuc1MhoqidteV
lY71PDI7jDH4hydaK24NC3QO4JgLwJjr9WIRVKFSqVzwsyHPc2RZFktULjQ6BQyEFhEcbHMUujaM
5aw+sargy99s4N7bquv9ZJ5YBzhmRKCCmdNPIoUAApkxqFUSNFsGtWriWRMm2rTmuUzwlVJIEqlt
tt4JJITyNrAFck7yPhFqFbF0Zb/GRyTlE9Y5OIjIJrNDKxe2RbUizifMAng4A6+pIeh7bkQk0/lt
xDlEITfOgxsJlAI0Kz/ZLzEr5CqUrkh7B9RaSk2MdUi1MB5EGFXeTxMNY7w+hj+PlremJdIe+LAA
OVQTHfU1AF8eUk3j95AbC62FpaGrwjZxxvnrwZ52yiAPlqSJ0DYdGOSTs/F6JhVfLgMWh5csE+Sz
UklRVcrresi1T8MA3WubyLGAySNfweYr7+x6tDT0kc6Kizrw428H58DFE/vWIIZrwGhj2eKjBFsa
lTLcgaPtS40zgxktl8O+8wPY8Lf/sWOCo2mawlq73kf8AOtEfQqHJicWXUVb1bYAePD0CbzvyUfx
rlvvxI7evnm/mxuHN+M373wD7nv8IRwYH4WLK09AX5Liir5+vGp4E+7asgN3bN2OPQODy57sVLTG
FX39uKKvHwDwhh278Y5rb8TDZ07i4dMncWBsFMenp9Aweez5mgi3bdqGX3r1XdgzML9lpWPGyxNj
+J1vPIgnRs+s8ZODMJK1cPDcGVyzZSscc7RC78boWB4hIFWDUnphAKUBrQHyQu2KvLion+BTAA3I
L5aXAJAAGsRHsZkBeoTfHqSQ85TfZQBh5uttIAgXpSXh9fD4tq4dLAngg1IFQKJU+/5ngjKh/Nh5
4xZCYQMbQRb/N5fADflN0KQAWt2yhvU8UkToJw988zIa91xAhBwZdCRkPqPR19cXF2yXEmmaxmeJ
tRb1eh3W2nj/hH2u9f3EAIgtbHMMqjq0LJXYTz7OeNPN6/1kvlgHOEoRxG3yVh22eRY60ciMLR78
EPcR5zOV8joOrUxEK7XXuhAl7vB+cEmRWkegcEoPDAnmULYCaCVMCKUAsjJBTxMpn0h1YQ8b3EuC
hWygDLKfwBMRKp5HmSYKWe58CYqcpzUc2QlhCcA6jgAFs5S2kAKMEfeVMBhTSqHqbQsVA2kkichF
0lq1nVtxjrLckSQqal4E55LQDuc8a4NE7FRESwVA0qSgUhXBoyQptDXCaWhdiI4KI0MjNwbMoldi
vZWv8tsRITI6FAl4E9ruXBBxFb2QxuRJNJvTqFQq6Fb/6dhH8hwDAwOdOiqQjwLTT/iR42UWm3qA
Mw2gtTJtJ62RPfri4teCARw/C3toBPrKbctKpBcatVoNU1NTXd1HAHnegxlPjZ7BeNZCYfa4NpE7
hy8cO4REKfzCLXdgW2/fvLDEHVu24+dvuR3vffIRPD82isFKFbdt2oq7t+/EG7bvwo6+PlR1Eh1C
VjoUEa4c3IC9A4N4296rcWxqEl85dQxfPXUcT507g8k8w/XDm/CzN78GNwxvWlBQ9MjkBN7z2Nfw
yJlTEaxZy5gG45HjR/Gm/dchTdOuBTg6mUcUEZTbiQ38g7BgKCclQ0QAsS+XdbH6D4nWGB0bwabh
bcK8CSgASpxbP2YS0INxdvQkNm+8YsbrBdmwKBUR5u/k1Cg2DG4pBGcDoICCKUHEEVggZdHXt0HA
7ciu4DZ2iaJg5WrQzBro6+sv+idJ25nZgyFihQsGcpPBWYtarQ+h9AUoATIOKBxbRGi/pza0qt/Z
eh6RCP1kupHjxGQVqyhjtGoxk6ERAI3y7zRNMTg4uGIOU1prDAwMgJkxMTGBLMtiSUsAOmaCKJ28
x2S6lMO2zkNXhy96bHZ8rIqpetb1/WS+WAc4ZoS1FlOnnwN86YT2gpZSXiFgASAshGKSHvQhgFST
dxWR7azXwNCkPCINgFgYGxpRB4O864nsT0eARFgdvvbMWqSkPSNDylBSrePALQieZrmUWITfwUUE
QCyt0VpBwQMK1sExPBgjfujWCaih2VuTMaJYargG4MAQcaikGlnufPkJgZ0sFZBPvKFixzF7kVVx
S0k9i0NrYaAkqTipGGeRKi2Dk8QzYrzzSkju1jhPYaZoc1t2p0kSKUdRSoGdXPOgB6JA4AAIJYlY
zCYarZbxDwp/vYJfHIAk0Zg+8Qz6+u6+KIT5lRJB9b5z14Dgvv4Gz964DIMBbOkBTtUBc3GTLFaV
tuRFR87KEuMi02YDh+l/9wcY/Mf/dlHHXWokSeKfKbar+whB9H6eHj0LB74kJteZs/hfRw6iqjV+
7ubbsbnWM+d2Fa3xLdt3IlUKDxw7jNfv2I3rhzdiY3Xp5SfLCUWE3iTFtUMbsW9gA96y+yo8PXoG
D46cwNv27sfNm7YgmWdAzMw4OjmBTx16AY9eIuAGvNjok6On0cwyVDtur31pRSfyiIzLFKh+E/rr
+yCLRwpKaRAF97TgQOfF13UNB599ENfd81qYPAfFWaUf08yA9Yw1ePaJr+PaN7xetvJjqBBlury1
FlmW4cyhQ9h3/auQ5ZmAFqVJYLBqDZNbaw127diF/dddAxdcE0gWYOCfLcorfRABeZZj5NQIdu7e
FTYNrW/PIR7wmJycxPTkFHbt3gWElvv2OE/jECaJA7PD1OQUjKmv6mRqPY8UYa3Fwy/lgOoFY3XL
gzodRITBwcFVK7EgImzYsAF5nmN6erpj5ThztoUZPLPPOLsgyLFYc0lpPPhiC29+9Xo/mSvWAY5S
BMGrxulnoRR5hxJJelIqQRFcqFQE9KhWEoDk9TRRyK1D1etDKKXACBN5FUsrmAlKCXQRyiKCOJrx
tqxEFO1iBZQQS9RwfGFYaDh2yHKZ+FcrKQD2VmiBISIAQCW4oSiCzP+FHmtZHgKeQCJgCAu6mXiR
UCJ4Rxb41QlJgllgl+gEWW5R9dekkmpYZlhjUU0TAQ58mYoiWcvMjS9xcXK9GIxEh+sG2BwRVBLW
SrCy8isvIDABzrNiHIAEsj+tldBO4Z1aIIP7AEQlviSFlEKe+xKWRIMh5T9ZbpGm2g/A/ABCid3v
9OmnYa+6q2spYaGPdPJhyvWXgPwMVkeica7vcBWSIAO0vRd8Ygq4CEkOToZBYVkQQI0UcmcW/AwA
wAG20YJ9/jj0NVd0hMWhte5qenEQ/RqZnsLByfE1LU+ZGblzePTMSXz20It4696rsbnWs6Dw6D3b
d14SA+pyGcu9u/YteF8xgBcmzuMTLz2PE9NTlwi44TOxUjg8PYXDZ8/g5t7eri1T6WQeUYpAygGU
C5sWCmCCUhoMBccK7PzqJwMOBFItONeEdXmxMlrGk8Oz2C9YtbIJWNdo17fwbIgAdgTtNYcMDg0Y
14Bj2b91NoKiouMmzBHnLDKTI7PTaOVTwrT1z9YgOlp+zjIYJjdoZlNoZpOSd1Soi6F4Pcp5j9GC
SiwyW4/ACkUAxe/Vt53ZwbgGQKv/bO/2PAIU/eTBgyXAzN9Pl8JzeaGYydwI4qCBuRHAjZVibSwU
aZpiw4YNGBsbQ57nbe0KzI4Qq3ev+dL58v6JPcgxBl3dgIuh6Hz1BcZ33NLd/WS+WAc4SuGcgzEG
rYljGKjJpWnlBlVvfdrMDGoVARfKc6A8lxKI3HiGgQcZQmIgKtw7tJ/UB9DEWAvmUCMm7/nHgpSI
QICE4AiS6AStLEe1IiKZwdEklKfkvrwklKmExGSigKj2xyzKQ3JTlK9oDqwT8pRKAimKZTkCvEg5
DkkzkVmLNJWOGexzEx3cYyQC6CNADZVcSgg5C5BQrSQiggpxUQlMDUBWEsL7ubVSBwp4xgZFy12l
RJw1gDKyP/mbPLiSGRGKzY0F+e1VquNXGtoWJoOBip0bC544BmMMnAecui1CH5mZFFYz+Js/u6zK
FAb5VTgGKQa8EC4sAxZghHsJYLZQFQ3WvvQpC/3Tc3WXA34wQNt6wSeml/7Z3qFYwM1nxlG/EHDD
h2WH5m/8T/R99N1LP+5FRJIkXd1H2D/3nzl/FuN51jYvuhTCMfD4udMYbTXxo9fcgK2981s+XoqD
6MXAjUMT43jfk4/gbKOx4LmtSRBhih2+ceIobtq95xK8up2JTueRNE2jyK9MMkTXLLicKPKsVADs
HKyzAISx4JdVBGCeUaLSzr4oxA0DOMAF2uGBC4ZzFuwcnDOwrrB5tFbEP6xzkakhdq4G1ooYKzsH
Bke9NfJlvQDi+CY3OZwzMEbAE7a+ZNq/71hYKGF8aJ2VtjtbmpQiMklCyHHEYTDRetVXw7s9jwBF
P3n5zByr+5cJ0DFXVKtV9PVd2LPZOsbBEYdDZxmjU+333HAfYd8Wwv5tRdn7fEFEGB4extTUFFqt
1kW3fXnhQQ5pEfxDBXAGtjV+USDHwTPU9f1kvlgHOHwEOqAxOXpTJ/RvEgFQvwVqHgQIpRVV/14l
TSNiLwmMZdLslZ+0pz4oX74SopVJaYb2iaawEpL/B+EoZmE1BLcR8mUr4i6Se0cRLhglHugQMMNF
0CGsFklZC6KgZm5tdCxRnoIZwAWlfI0qEzIjZTmVUFbiGREwxTUMj9vAFokrDP5vrVQcEFQrSdTu
sOSvmxXlK/LgT5po7/ziWSleUDRY2IZSnZBrwyNOBgYizFippG0ai6lWXptEaJCk5btmr+1RSUUw
Nk1EZ0SuizjWsGsgzzM4V+s6xLToI+aCk9Oyw04Ck49i6QiHBikHqgKcVUGb7gYNvxHcdwuoug1I
BgDdC6YUSiXFOI4tzrcyvDg2hanGWXzr0DiSxjPg0QfAow+BkgY4A5gVwBdBxVAK2NwDnG5c+GcS
BerdF0admP6LL8Iu4KAyMwiAOTwCNzYFNdS/9DYvMWq1GsbGxqKaeTf1EQDyrHUOT58/F/55yUXL
Wnz6yEGMNOr4xVvvxKZ5mByXUzhmvDh+Hr/92Nfw6JlTuG7owq34OhIsUxKVpnj2jNiOp7LSsdYt
62h0Oo+QV9WMk3eS8R17u1P5GwhjF4YFsxUgAlbGgigbk4uKWgAU2DEcGzgvBO2HNB7cANhxBBOc
s3DOoNlswIVjsOyDwZGRap2Nz08BLCyszX05seTC8JkwdgyAhzUG1lkYa/wYThbKHBWgRli0ISJY
awDFHtThyE4RDREOX1qcUFtrUatWV/150e15JOrUGINJU8F8c1eecWeudczH3Ai/0zRdtN8zMx5+
yeIfn7V4/LBFc0Z58sycWkuBW/dofPv1Gnft1wuy4vr7+8HMs0CO1WZyFPdw6GPk55ksvyPIMeSf
Vxe23ylTRSvLUat1Zz9ZKNYBjlI45zB16ikkWrVZsQIMIhUFKAMzwXpNiFCCElxIcs+4SJOAchf0
QF2iBxJEQBOJgszFOVqoOielK2IDK8CA7A9IU922z9AOYVQwclusJFjLSHVhx1qrpHDMEWjgUKri
tUJcTJpSLqO18gJcFB1FrHO+DXIWFQ/8GCMrH8ECVnGgTaJEpURkmQRr1jRRnnVBbWAMIFoe1nEE
JUIH1iponMggpVJJvHOLsEVaeY5U6yikyggACSG3FsopD6YEoIW9+4yOA5N4X1iLJE1Q8dtNHH8C
fdd+y4rcc5dbOOc6p7/BDD70R2B7YeAGQ0OnTgDw4f8NfOUvgXqvBlEl0DMAKJ9bCHVj8Q9HzuBT
L57A4SYjc4xWswG2BmDGtTu349uufjWAN4J2/4wMHlwLVH8JfPj3QOc+AbaANQq0hLoTqiXggRSY
XIKoyMAV8lsRzMe+igvOfj6MM6h/6H70/+IPrHqZivZ9KKwsdlswgPFmEwenxte6KQtGyxp89vBB
bKz24GdvfjV6k8tbE2Iia+FPn3sSD50+udZNmTeICJQkOFqfwtlFvIz9AAAgAElEQVSJCWzfuLEr
B6UdzSOQHB4YFkQagAWz8pUbMs5QXjg9AAaOXRyHFUs34blbjNEcCzDgnM8BLCxU9h6sBILxJSjM
MkZqNOsetDDxegTbemONjM2clCe0sgzGGrSyln+uFs/WaD1dYpKAGWmaoJW1pCSZPUNxhgghedBm
enpSzr0E2LPjknYHl9KNjGc7sVLc7XkEkPviqwcyKHVhQrzzSVnPBXy0l051JqrVKvr7F15k+fJz
Bn/5LzlOT8zdrrlebebAgwctHjxosWWA8MN3J3jTjfPnsyBs3GkmR/uz3s/hZoEcXpPjAsEqIo2v
Hqjju27v3n4yX6wDHD7Cg7R17gAqLPoVRECzlXs9CgEOlCK0chv1I5QSrYosF2tWrZXXyJD9hprK
MhPBMxZFkwMMa8XulaAiwhfcUioVKaUIlMeAuocIuhsAoVqlqFtRtjd1zLFjMeABFLG/DftMUw1j
WUAcz9pQLOUbAKINrvG6FFIWo+C8hoiDAB+VNAFBSnvEX160RESEVHQwtJKSgdxapLrdKrbdclZ5
1oeALUmiorhWaEeidRQVDdAR++shn9FQFLROpFyh4stlnKd7EoRNk6Y6snOsMZEtkiSJpHWvx9E4
8yzc/ru7bmAa+kjnylMYGP+4l4mfLwggDd2bwPXfC3rV7wGVzUBUv/cgGwOGGc+PTeEPnzyMJ8ea
MFkLMLnUOnsqcgDidm8exvfv3yGvlSmDqgb0XQ+64UMA/QkoPwv1/K9CjX8Wtp7jQstYaLgGnsov
YFMSgGdgH8KJ9DhgaqljEgekXz2wxA9dfASRuG7tI8emJzHSDCydS5HDAaSkcNOmzfjBq69Fj778
hwIbKlX89PW34aXJCRw4f3atmzM7fOInrXA+Nzh49gy2bdy41q3qeHQ6j4SJvfOAg3NW9DdYxNWJ
QxluWBQySFL/vpMyVmLR/JITAIg4sjdkEcZGgENYEq6NlRtclUL5iZQn5748JDA7ivetB4Css2i0
mjAmR5ZlcMxRl8L64wUmhxzbl/Wzg8lzMEn5TVh0AsODE+yvASM3RsY8zhSPqjBInRXhOJ1xbOjW
PAIU/eTBl1dgXx3KQeV7fqZbChEtCG5MNhm/+bEmDo4sr61nJhnv+/scn37M4D//QA0DPXPfNwMD
A2i1WpFZMtNOtvzaioQHMQLTXaL0dwQ5RHhULQHk+NpB4N5Xd2c/WSgu/1HNCkUQ83H10yJIqbUH
I8hPyL1fOom+BEMm/QFQCLWTSgmrQHsWhp8hRQqkdRaKKAqAilioijaxIawt7LwCyyH3JSIhWTmH
6FgS5mBSNiMJNjcOlUSjldu2RVsiAIq8pgWiV7QihiPp4KJgLZ0v0SoCLmki5TCBhi2Aj1Ah5diC
4KRe4yJNdBT6VAptji5aK+SuYLvk1sJYAYqCDawxjCRRIOLIoCGSay9lNQ7KiYuKVgIYGeP3YZ3U
rGolvu7OIQ2DHesiI0NGBWLJW0kT5LmJ2hw6UcgzExkiaarRmh6Jg4xuitBHOgZw1F8Ej72AuSeI
0iH18DXA7l8FtnwPVPn78B3CMuObo1P4s+eO46GRcdhWUwANuLhb9vds4BttHRrE5k0b8bpNfdBz
JQsqWFhINkHd+EEABH32fuDoe2BHn/P+gAvfH7S1F3xqcT0O3TMA6tsHOEb2D49hCheuv1GOxqmz
UM8eQXrDnlVncSRJ0pV9BADAjJcmxmSwAb4kr0FfmuIte67CD++/HnsHNqx1c1YkiAhXbxjCfXd/
G/7HM4/jxPTUWjdpVsg9AehqipfPn8M9pcWHbomO5xH4RQoPegvW4HyZIceJPxN7VoPoTLDX4IDz
A79IK2df4isYgAAnvp8zgyM2EJxQOLJPBVQJ+hrOAxsuMmOtEfaGMRbWWlgnriu5MWg0G7Jg5hkc
wVEjAB0AIjU/z3OorAmtteiLUHCzIyhWHvCR9oYxZWSrMAugg3bHjnCfGtM5O7NuziOhnxwdvfxL
2IKbyXzx2CGD3/10htYiQ5ul3AUvn2H81Acb+KW3VXDX1XM/azZu3IiRkZFVc3FpCwZAfpE7/js+
fATgiCBIEB4dwoWAHIdHddf2k4ViHeDwETzZ2TRQrWo0M4vEW5LmXpch6GtY6zxzouS64e1RnZPJ
vzHWT8Ypit8oJU4fkVGBkvglF3OOIOIpxzZIkwQERqo1SJHX2tCRGUGqPQkBgSkiSapcghHeC0wJ
ZrE/BQJaKeCIVgqqomI7IzfCtzMzBooUSPuEqCR5BiZLADdCOUqaaA/6SJuNEatWw7LCYK1MOCve
JpY9+0Nr+NIRaYuxskJujFjkVlKpLzVOJhPBbSbod+TGISURTQXreI0sM5SngZImAW78v9MkEaYI
M7LMs0s848Y5B86nked5h61S1z5CH+nt7e3M8UY+JTa95SAF0oDaeA/4yt8EBm5DTHulSULLOnzm
8Bn8xbNHca6ZgU0esEZ/T1PMG4HFA2YM9vVg64ZBVNliW88FJL3yxGTzW4DNb4Ga+AZw6L+Az/0z
XM4gmifpVLX8tBYpbxneJ4NzpZD9+ReLBLnEsOyQf/4RJDesvrhhkiSo1+td10fCqtvhqUkAwHxf
/VpGLdF4447deN32K7CpOrdV7OUce/oH8fM3346vnjp+iZarEHSlgmMTYzDGdFX/ADqfRyLbgIuV
7FD2oD2rtW1N1Zd9OC/MroBiIcSPh0K3Zsdxe3YlFmCJ/h+YI8xONDQCO8PaaJVrnQc0/DHzXERF
szxDvd5As9nCxMSkDNj84lLQFiEUpSpEhDzLkGc54BerSJH8JkKiw2KT8mUpHMejxhi/eObBDf8b
EYCTszKmc2KG3ZpHgKKfTGcauMy0IwM4AwjYNjw8PO898+XnDN73uQx2kVy5pFTqN84t8DufyvAz
9zK+86bZJStKKWzcuBFHjx7Fpk2b4murBjjPPInyxC+AHOF1GNjmGHRteNHdTrV0V85JFot1gAPF
oNRag6q/IokurFtDAgDLZHtWR6WC9idJIdRHCjtCQ0ERwTn4uk6hqZIXf5JVABGyDEKaSgFZZpB4
pxOCaEdokHc8ERHSoLwdHEPCv5mBSqK8PWsAWIoykABAOGY468SxhQiJJjgGPBQQzy+6sRgp+yBv
yWq9u0oYJaRJUa4jtahcsCl86Y/1AqTGCkgRmBFZbhHIlmW3eaJA+/SAhE/cCKUnkNWJUMYSQUwW
zRNJyoUTTWB2OCrEVHNveRvApUQLcyNcs1ZuYnmQIsDkWaTjdcPqW9FHbGfQbjBo4vNoG04SQQ3u
B133XmDwtXJ/lNgUAlwBH33+BD763DE0sjyudIWg+D/EwWi407RS2LlJKOO3bh68iDZ7KHDg1cDN
[...]
m2++GUKIad/n0KFD+Nd//Vf893//N3zfP+/n/f39+Mu//Et89KMfhVJq+g/YpFQq4fvf/z6+9a1v
YWxs7Lyfb9iwAZ///Ofx3ve+d9prCCFw1113JQHH2NgYnn32Wdx2220zvr8xBv/zP/+THC9duhQ3
3HDDlK+94447kmqZT37yk/jyl7884/WJiIiIiIjo7Y1bVC7gpptuSp4/+eSTUwYKAHD27NmGkGLH
jh0NfTQeffRRlEqlKc89deoUjh49mhxv37592vXcd999+OhHP4r//M//nHYthw4dwuc+9zl8/vOf
R61Wm/ZaacPDw/jTP/1T3HvvvVOGG0A4jvXP/uzP8I1vfOOCPUWaw4wHH3xwVmvYu3dvUvECAJ/4
xCfguu6sziUiIiIiIiJiBccFbN26NXk+MjKCgwcPYuPGjee9Lj0edv369Vi3bh2EEEkFyOTkJHbv
3o3rrrvuvHP37t3bcDxd/43/+q//wj333JMcZ7NZ3H333bjyyishpcTx48fx05/+FIcOHQIQhiFd
XV340pe+NOPn/MpXvpI0Ob322muxY8cOdHd3Y2xsDE8++WTDCNt/+Zd/wfLly/H7v//7U16rt7cX
H/vYx/CTn/wEAPDTn/4UX/ziF9Ha2nrBNaQrYIDz+3kQERERERERXQgrOC4gbhQae+2116Z83a9/
/evk+Qc+8IFki0l6O8d0E0XiLTAA0NPTg/7+/ilf88UvfjE5vuGGG/Dggw/iq1/9Ku6++27cdddd
+OxnP4uf/OQnDVthvvOd7zT095hOuVxGZ2cn/u3f/g0/+MEP8IUvfAGf/OQn8dnPfhY/+tGP8J3v
fAcdHR3J67/+9a8nvT+m8tu//dsN155qfG5aEAT48Y9/nBxv2bIFV1xxxYzrJiIiIiIiIoox4LiA
vr4+bNiwITmeKiwIggAPPPBAcnzjjTcmz9MVG80VCrF08HHLLbec1zdDa42vfe1ryZaUdevW4Z//
+Z+xYsWK866Vy+Xw5S9/ueFn3/3ud6f7eAnXdfHd734Xt95665T9P2677Tb87d/+bXI8NjaGH/3o
R9Ne713vehc6OzuT4/TvZyq7du1KKk8A4O67775gHxIiIiIiIiKiZgw4ZnDzzTcnz5988snz+k+k
x8Pm8/mG8bKbN29GPp8HEG5jiV8Xm5ycbBiLes0115z3/s8991zDaz73uc81hAfNcrkc/uRP/iQ5
vv/++zE0NHTBz/hXf/VX51WrNPvgBz+ILVu2JMfTNTmN15CuJPn5z3+OkZGRaa/9yCOPNBzffvvt
F1wLERERERERUTMGHDNINws9dOjQeSHF888/nzx///vf3zASNZfLNWxTeemllxrO3b9/f0NIMFXI
8OijjybPOzs7ceutt8645nRA4Ps+Xn311Qu+fqq+Is2UUrjzzjuT46NHj+Lw4cPTvv79739/wxrS
TVjTPM9rmJ7y4Q9/GEuXLp1xPURERERERERpDDhm0Nz0s7kPx2OPPZY8v+WWW847Pz2JJd2ro/la
bW1tWL9+/Xnn/+pXv0qe33bbbchkMjOuefny5Whra0uOX3/99RnPmY3mCS/pbSXNtmzZgk2bNiXH
P//5z6d83QsvvICTJ08mxx/72Mfe4iqJiIiIiIjonYhTVGawatUqrF69OhnlumvXrqRCYmRkBI8/
/njy2h07dpx3fvp7Dz/8ML7yla8kfTZefvnl5Ge33HILHMdpOLdUKmH//v3J8fj4OH7wgx/Mat3t
7e3JyNfh4eFZnTOT5cuXNxxfqNGolBJ333130rvjwQcfxJkzZ9Db29vwuocffjh53tHR0RAIERER
EREREc0WA44ZCCFwyy234N///d8BoKEfRnp86vbt288LAIAwINm0aRP27NmD06dPY+/evbjyyiuh
tcZTTz2VvG6qcGR8fLzh+KGHHsJDDz30hj9D83XerOZRrxMTExd8/e23397QnPSJJ57AJz7xieS4
XC7jf//3f5PjO++8s2GLDxEREREREdFscYvKLKS3ZjzzzDNJYPDMM88k33/f+9435blCiIY+HHEo
MjAw0NDPY/PmzeedW6vV3trCL/J1lFJwXTc5LpfLF3z9ypUrGz77/fff3/DzZ599FufOnUuOP/Sh
D12UdRIREREREdE7Dys4ZqG5D8e+ffuwfft2/OIXv0i+d/311097/vXXX49/+qd/AhBWMfzRH/0R
9u7dm/zcdd0pG31aVuOf5w//8A9x7bXXvuH1d3d3v+FzpuJ5HqrVanIcT4i5kI9//OPJNpTHH38c
J06cSCpd0tUoGzZsaJhAQ0RERERERPRGMOCYhbVr12Lp0qVJxcWBAwfQ2tqK48ePAwB6enrOC0HS
rr76ariui2q1iscffxzFYrGht8bNN9+MbDZ73nmFQuG8dcxnE864p0eseX1TueWWW5DP5zE5OQkg
DDn+4A/+AMViET/5yU+S133iE59IepMQERERERERvVHcojILSqmGCSkDAwMNo1c/+MEPwrbtac/P
5/PJVg3f97Fv3z4cPHgw+fl111035XmFQqFhZOru3bvf9Ge4GAYGBhqOV6xYMeM5LS0tuOuuu5Lj
n/3sZwCAp59+Ogk9gOm3+BARERERERHNBgOOWbrmmmuS5wcPHmyYgPLud797xvPT00F2797dEFZs
2bJlynOklLjtttuS40ceeQQjIyNvaN0XU7rBKgD09/fP6rx0b41nnnkGhw8fxv/93/8l37v11lux
evXqi7NIIiIiIiIiekdiwDFL6Sagu3fvxhNPPJEcp8OP6aSnpDzwwAM4fPhwcrxp06Zpz0sHHMVi
ET/84Q9ntV5jDI4cOTKr1z722GMzvqZcLuM//uM/kuPt27dj5cqVs7r+jh07GgKMH/7wh/j5z3+e
HN9xxx2zug4RERERERHRdBhwzNK6devQ0dEBADh9+jSOHj0KIKw+6OzsnPH8/v5+rFu3DkBjJcRN
N92ElpaWac+79dZbGwKQb3zjG3jxxRcv+F7GGHz729/GRz7ykYYxrNP5/ve/n2wdmc73vvc9HDt2
LDm+++67IYSY8dpAuMXn937v95Ljb33rW/B9HwCQzWYbtv9cbEEQoFKpXPA1pVIJxphpf14ul6G1
vthLIyIiIiIioouIAccsWZY15Y34e97znlmdL4SYss/EDTfcMOP7fvWrX02Ofd/Hpz71Kfz0pz9F
EATnvf7UqVP40pe+hK9//esol8u45557cODAgRnX95nPfAbf+c53UCwWG75fKpXwrW99C/fee2/y
vQ0bNuCjH/3ojNdMS4+LTbvzzjvR3t7+hq41W7/4xS+wY8cOXHHFFfj7v//780KMUqmEv/iLv8BV
V12F9773vef1OAmCAF/60pdw5ZVX4qabbsJTTz11SdZJREREREREbx2nqLwBO3bswH333dfwveka
hE7l+uuvxze/+c2G703XfyPt2muvxd/93d/hb/7mbwCE00w++9nP4h//8R/xnve8B93d3SgWizh0
6BAefPDBhnO//vWvJ5Uj07niiivw2muv4Wtf+xq++c1vYtu2bVi2bBn+//buJzTuvP7j+HuWYp1Z
drWmeNDkuM1tE5EFsyBoU0RqKgg2By9ZEIT1IsSDLJuT2L2IyoIgqwdtj8lpYfagMDlJxmN6TPcg
a6IIZoqw7Ix/qPM7LMmv3f7dNsl3XruPx20y6XzfDXSaPPP9fD7//Oc/649//OMd+34cBJdOp/Oo
f+2qev8OmBdffLG2trbu+Pjt+3McpVu3btUrr7xyePLLr3/967p48eIdX+/f//73h3uB/PnPf67X
X3+9fvOb3xw+3+/3D5fl/P3vf68f//jHd319AQAAmAwCx4dw+z4cVe8f2/qweHC7+fn5OnXq1OHy
jKp64PGyt/vOd75Tn/70p+vVV189/KH9nXfeqd/+9rf3/PwzZ87Uz372s/rKV77y0Nf++c9/Xr/8
5S+r2+3WzZs3q9fr3fPzTp8+XT/96U8fetfJ/XzrW9+6I3DMzMzUCy+88Fiv9TC3bt2q4XB4x8f+
85//3PH43//+9x2PR6PRA59/9913azweP/LSHAAAAE6OJSofwrlz5+rpp58+fPz1r3+9nnrq0b+E
zz777B1LWr74xS8e7uvxKC5evFh/+MMf6gc/+MF9Tx05c+ZMffe7360333zzkeJGVdVnP/vZ+sUv
flGvv/56zc/P3/X8qVOn6pvf/Ga9+eabtbS09MjzftBXv/rVOn369OHjb3/72w88XvdJfOITn6hX
Xnnl8PHFixfv+rt97WtfO7yj45lnnqnvfe97dzy/sLBQX/7yl6vq/a/Bj370I3EDAABgQrXGD9pd
kYn1v//9r9555526efNmvfvuu3X69Ok6e/ZszczM1Cc/+ckneu2//OUv9Y9//KPee++9+tSnPlXT
09M1NTV1RJOfrP39/frXv/5Vn/vc5+4Zo/773//W3/72tzpz5kw9++yzdz1/69at+utf/1rPPPPM
h4pRAAAAnCyBAwAAAIhniQoAAAAQT+AAAAAA4gkcAAAAQDyBAwAAAIgncAAAAADxBA4AAAAgnsAB
AAAAxBM4AAAAgHgCBwAAABBP4AAAAADiCRwAAABAPIEDAAAAiCdwAAAAAPEEDgAAACCewAEAAADE
EzgAAACAeAIHAAAAEE/gAAAAAOIJHAAAAEA8gQMAAACIJ3AAAAAA8QQOAAAAIJ7AAQAAAMQTOAAA
AIB4AgcAAAAQT+AAAAAA4gkcAAAAQDyBAwAAAIgncAAAAADxBA4AAAAgnsABAAAAxBM4AAAAgHgC
BwAAABBP4AAAAADiCRwAAABAPIEDAAAAiCdwAAAAAPEEDgAAACCewAEAAADEEzgAAACAeAIHAAAA
EE/gAAAAAOIJHAAAAEA8gQMAAACIJ3AAAAAA8QQOAAAAIJ7AAQAAAMQTOAAAAIB4AgcAAJ8FLCIA
ABgdSURBVAAQT+AAAAAA4gkcAAAAQDyBAwAAAIgncAAAAADxBA4AAAAgnsABAAAAxBM4AAAAgHgC
BwAAABBP4AAAAADiCRwAAABAPIEDAAAAiCdwAAAAAPEEDgAAACCewAEAAADEEzgAAACAeAIHAAAA
EE/gAAAAAOIJHAAAAEA8gQMAAACIJ3AAAAAA8QQOAAAAIJ7AAQAAAMQTOAAAAIB4AgcAAAAQT+AA
AAAA4gkcAAAAQDyBAwAAAIgncAAAAADxBA4AAAAgnsABAAAAxBM4AAAAgHgCBwAAABBP4AAAAADi
CRwAAABAPIEDAAAAiCdwAAAAAPEEDgAAACCewAEAAADEEzgAAACAeAIHAAAAEE/gAAAAAOIJHAAA
AEA8gQMAAACIJ3AAAAAA8QQOAAAAIJ7AAQAAAMQTOAAAAIB4AgcAAAAQT+AAAAAA4gkcAAAAQDyB
AwAAAIgncAAAAADxBA4AAAAgnsABAAAAxBM4AAAAgHgCBwAAABBP4AAAAADiCRwAAABAPIEDAAAA
iCdwAAAAAPEEDgAAACCewAEAAADEEzgAAACAeAIHAAAAEE/gAAAAAOIJHAAAAEA8gQMAAACIJ3AA
AAAA8QQOAAAAIJ7AAQAAAMQTOAAAAIB4AgcAAAAQT+AAAAAA4gkcAAAAQDyBAwAAAIgncAAAAADx
BA4AAAAgnsABAAAAxBM4AAAAgHgCBwAAABBP4AAAAADiCRwAAABAPIEDAAAAiCdwAAAAAPEEDgAA
ACCewAEAAADEEzgAAACAeAIHAAAAEE/gAAAAAOIJHAAAAEA8gQMAAACIJ3AAAAAA8QQOAAAAIJ7A
AQAAAMQTOAAAAIB4AgcAAAAQT+AAAAAA4gkcAAAAQDyBAwAAAIgncAAAAADxBA4AAAAgnsABAAAA
xBM4AAAAgHgCBwAAABBP4AAAAADiCRwAAABAPIEDAAAAiCdwAAAAAPEEDgAAACCewAEAAADEEzgA
AACAeAIHAAAAEE/gAAAAAOIJHAAAAEA8gQMAAACIJ3AAAAAA8QQOAAAAIJ7AAQAAAMQTOAAAAIB4
AgcAAAAQT+AAAAAA4gkcAAAAQDyBAwAAAIgncAAAAADxBA4AAAAgnsABAAAAxBM4AAAAgHgCBwAA
ABBP4AAAAADiCRwAAABAPIEDAAAAiCdwAAAAAPEEDgAAACCewAEAAADEEzgAAACAeAIHAAAAEE/g
AAAAAOIJHAAAAEA8gQMAAACIJ3AAAAAA8QQOAAAAIJ7AAQAAAMQTOAAAAIB4AgcAAAAQT+AAAAAA
4gkcAAAAQDyBAwAAAIgncAAAAADxBA4AAAAgnsABAAAAxBM4AAAAgHgCBwAAABBP4AAAAADiCRwA
AABAPIEDAAAAiCdwAAAAAPEEDgAAACCewAEAAADEEzgAAACAeAIHAAAAEE/gAAAAAOIJHAAAAEA8
gQMAAACIJ3AAAAAA8QQOAAAAIJ7AAQAAAMQTOAAAAIB4AgcAAAAQT+AAAAAA4gkcAAAAQDyBAwAA
AIgncAAAAADxBA4AAAAgnsABAAAAxBM4AAAAgHgCBwAAABBP4AAAAADiCRwAAABAPIEDAAAAiCdw
AAAAAPEEDgAAACCewAEAAADEEzgAAACAeAIHAAAAEE/gAAAAAOIJHAAAAEA8gQMAAACIJ3AAAAAA
8QQOAAAAIJ7AAQAAAMQTOAAAAIB4AgcAAAAQT+AAAAAA4gkcAAAAQDyBAwAAAIgncAAAAADxBA4A
AAAgnsABAAAAxBM4AAAAgHgCBwAAABBP4AAAAADiCRwAAABAPIEDAAAAiCdwAAAAAPEEDgAAACCe
wAEAAADEEzgAAACAeAIHAAAAEE/gAAAAAOIJHAAAAEA8gQMAAACIJ3AAAAAA8QQOAAAAIJ7AAQAA
AMQTOAAAAIB4AgcAAAAQT+AAAAAA4gkcAAAAQDyBAwAAAIgncAAAAADxBA4AAAAgnsABAAAAxBM4
AAAAgHgCBwAAABBP4AAAAADiCRwAAABAPIEDAAAAiCdwAAAAAPEEDgAAACCewAEAAADEEzgAAACA
eAIHAAAAEE/gAAAAAOIJHAAAAEA8gQMAAACIJ3AAAAAA8QQOAAAAIJ7AAQAAAMQTOAAAAIB4AgcA
AAAQT+AAAAAA4gkcAAAAQDyBAwAAAIgncAAAAADxBA4AAAAgnsABAAAAxBM4AAAAgHgCBwAAABBP
4AAAAADiCRwAAABAPIEDAAAAiCdwAAAAAPEEDgAAACCewAEAAADEEzgAAACAeAIHAAAAEE/gAAAA
AOIJHAAAAEA8gQMAAACIJ3AAAAAA8QQOAAAAIJ7AAQAAAMQTOAAAAIB4AgcAAAAQT+AAAAAA4gkc
AAAAQDyBAwAAAIgncAAAAADxBA4AAAAgnsABAAAAxBM4AAAAgHgCBwAAABBP4AAAAADiCRwAAABA
PIEDAAAAiCdwAAAAAPEEDgAAACCewAEAAADEEzgAAACAeAIHAAAAEE/gAAAAAOIJHAAAAEA8gQMA
AACIJ3AAAAAA8QQOAAAAIJ7AAQAAAMQTOAAAAIB4AgcAAAAQT+AAAAAA4gkcAAAAQDyBAwAAAIgn
cAAAAADxBA4AAAAgnsABAAAAxBM4AAAAgHgCBwAAABBP4AAAAADiCRwAAABAPIEDAAAAiCdwAAAA
APEEDgAAACCewAEAAADEEzgAAACAeAIHAAAAEE/gAAAAAOIJHAAAAEA8gQMAAACIJ3AAAAAA8QQO
AAAAIJ7AAQAAAMQTOAAAAIB4AgcAAAAQT+AAAAAA4gkcAAAAQDyBAwAAAIgncAAAAADxBA4AAAAg
nsABAAAAxBM4AAAAgHgCBwAAABBP4AAAAADiCRwAAABAPIEDAAAAiCdwAAAAAPEEDgAAACCewAEA
AADEEzgAAACAeAIHAAAAEE/gAAAAAOIJHAAAAEA8gQMAAACIJ3AAAAAA8QQOAAAAIJ7AAQAAAMQT
OAAAAIB4AgcAAAAQT+AAAAAA4gkcAAAAQDyBAwAAAIgncAAAAADxBA4AAAAgnsABAAAAxBM4AAAA
gHgCBwAAABBP4AAAAADiCRwAAABAPIEDAAAAiCdwAAAAAPEEDgAAACCewAEAAADEEzgAAACAeAIH
AAAAEE/gAAAAAOIJHAAAAEA8gQMAAACIJ3AAAAAA8QQOAAAAIJ7AAQAAAMQTOAAAAIB4AgcAAAAQ
T+AAAAAA4gkcAAAAQDyBAwAAAIgncAAAAADxBA4AAAAgnsABAAAAxBM4AAAAgHgCBwAAABBP4AAA
AADiCRwAAABAPIEDAAAAiCdwAAAAAPEEDgAAACCewAEAAADEEzgAAACAeAIHAAAAEE/gAAAAAOIJ
HAAAAEA8gQMAAACIJ3AAAAAA8QQOAAAAIJ7AAQAAAMQTOAAAAIB4AgcAAAAQT+AAAAAA4gkcAAAA
QDyBAwAAAIgncAAAAADxBA4AAAAgnsABAAAAxBM4AAAAgHgCBwAAABBP4AAAAADiCRwAAABAPIED
AAAAiCdwAAAAAPEEDgAAACCewAEAAADEEzgAAACAeAIHAAAAEE/gAAAAAOIJHAAAAEA8gQMAAACI
J3AAAAAA8QQOAAAAIJ7AAQAAAMQTOAAAAIB4AgcAAAAQT+AAAAAA4gkcAAAAQDyBAwAAAIgncAAA
AADxBA4AAAAgnsABAAAAxBM4AAAAgHgCBwAAABBP4AAAAADiCRwAAABAPIEDAAAAiCdwAAAAAPEE
DgAAACCewAEAAADEEzgAAACAeAIHAAAAEE/gAAAAAOIJHAAAAEA8gQMAAACIJ3AAAAAA8QQOAAAA
IJ7AAQAAAMQTOAAAAIB4AgcAAAAQT+AAAAAA4gkcAAAAQDyBAwAAAIgncAAAAADxBA4AAAAgnsAB
AAAAxBM4AAAAgHgCBwAAABBP4AAAAADiCRwAAABAPIEDAAAAiCdwAAAAAPEEDgAAACCewAEAAADE
EzgAAACAeAIHAAAAEE/gAAAAAOIJHAAAAEA8gQMAAACIJ3AAAAAA8QQOAAAAIJ7AAQAAAMQTOAAA
AIB4AgcAAAAQT+AAAAAA4gkcAAAAQDyBAwAAAIgncAAAAADxBA4AAAAgnsABAAAAxBM4AAAAgHgC
BwAAABBP4AAAAADiCRwAAABAPIEDAAAAiCdwAAAAAPEEDgAAACCewAEAAADEEzgAAACAeAIHAAAA
EE/gAAAAAOIJHAAAAEA8gQMAAACIJ3AAAAAA8QQOAAAAIJ7AAQAAAMQTOAAAAIB4AgcAAAAQT+AA
AAAA4gkcAAAAQDyBAwAAAIgncAAAAADxBA4AAAAgnsABAAAAxBM4AAAAgHgCBwAAABBP4AAAAADi
CRwAAABAPIEDAAAAiCdwAAAAAPEEDgAAACCewAEAAADEEzgAAACAeAIHAAAAEE/gAAAAAOIJHAAA
AEA8gQMAAACIJ3AAAAAA8QQOAAAAIJ7AAQAAAMQTOAAAAIB4AgcAAAAQT+AAAAAA4gkcAAAAQDyB
AwAAAIgncAAAAADxBA4AAAAgnsABAAAAxBM4AAAAgHgCBwAAABBP4AAAAADiCRwAAABAPIEDAAAA
iCdwAAAAAPEEDgAAACCewAEAAADEEzgAAACAeAIHAAAAEE/gAAAAAOIJHAAAAEA8gQMAAACIJ3AA
AAAA8QQOAAAAIJ7AAQAAAMQTOAAAAIB4AgcAAAAQT+AAAAAA4gkcAAAAQDyBAwAAAIgncAAAAADx
BA4AAAAgnsABAAAAxBM4AAAAgHgCBwAAABBP4AAAAADiCRwAAABAPIEDAAAAiCdwAAAAAPEEDgAA
ACCewAEAAADEEzgAAACAeAIHAAAAEE/gAAAAAOIJHAAAAEA8gQMAAACIJ3AAAAAA8QQOAAAAIJ7A
AQAAAMQTOAAAAIB4AgcAAAAQT+AAAAAA4gkcAAAAQDyBAwAAAIgncAAAAADxBA4AAAAgnsABAAAA
xBM4AAAAgHgCBwAAABBP4AAAAADiCRwAAABAPIEDAAAAiCdwAAAAAPEEDgAAACCewAEAAADEEzgA
AACAeAIHAAAAEE/gAAAAAOIJHAAAAEA8gQMAAACIJ3AAAAAA8QQOAAAAIJ7AAQAAAMQTOAAAAIB4
AgcAAAAQT+AAAAAA4gkcAAAAQDyBAwAAAIgncAAAAADxBA4AAAAgnsABAAAAxBM4AAAAgHgCBwAA
ABBP4AAAAADiCRwAAABAPIEDAAAAiCdwAAAAAPEEDgAAACCewAEAAADEEzgAAACAeKeaHgB4fIPB
oLa3t6uqan5+vqamphqeCAAAoBmt8Xg8bnoI4MPrdrvV6/VqNBpVVVW73a7V1dWamZlpeDIAAICT
J3BAmJ2dnbp27VoNBoP64D/f2dnZWl1dbWgyAIDJNhgMan19va5fv970KFVVNR6Pa35+vpaXl92J
C0dA4IAQg8Ggrl69Wjdu3LgrbNzujTfeOMGpAO42HA7r7bffrt3d3drb26vhcHj4XKfTqZmZmZqe
nq7nnnuuOp1Og5MCHyf7+/t15cqVO96TJsXTTz9dr776qsgBT8geHDDhhsNhbW5uVrfbfWDYAGjS
aDSqra2t+tOf/lS7u7uHH7/X+9bB3kFVVdPT03XhwoV6/vnnxQ7g2IzH41pfX5/IuFFV9d5779X6
+nq9/PLLTY8C0QQOmGD9fr+63e49l6MATILRaFS9Xu9wT6BHea+6/XN2d3frd7/7XbXb7VpcXKzz
588LHcCxmJRlKfdze/wFHo/AARNod3e3NjY2HrocBaBJ29vbtbGx8cQRdjwe13A4rG63W/1+v5aX
l2tubu4IJwWYfK1Wq3Z3d20YD09A4IAJMhwOa2Njo/r9vrABTKzxeFwbGxu1ubl5pO9V4/G49vf3
61e/+lUtLi7W5cuXj+y1ARJM6hIaSCFwwITo9XrV7Xb9xwZMtPF4XNeuXautra1jvUav16vhcFgr
KyvHdh0A4KNF4ICG7ezs1MbGRu3t7blrA5hoJxE3br9Wv9+vqhI5AIBHInBAQwaDQW1sbNT29raw
AUy8g2UpJxE3br9mv9+vdrtdy8vLJ3ZdACCTwAEN6Ha7h7dfAyS4fv169Xq9E7/ueDyuzc3Nmp2d
tfEoAPBAAgecoKM6cQDgJA2Hw1pfX2/s+uPxuNbX1+u5555zhCwAcF8CB5yAwWBQV69edewrEKnX
69VgMGh0hsFgUJubm7W0tNToHADA5BI44BgNh8N66623qtfrCRtApOFw2MjSlA86OFnl/Pnz7uIA
AO5J4IBj0u/3a3193T4bQLR+v1+j0ajpMaqqajQa1fXr12thYaHpUQCACSRwwBHb2dmpt956y3IU
IN7tR7VOgoO7OAQOAOBeBA44IsPhsDY2Nqrf7wsbwEfCaDSq3d3dpse4w97eXg2HQ8tUAIC7CBxw
BBz7CnwU3bhxo+kR7untt992ZCwAcBeBA57Azs5OXbt2zbGvwEfSpN29UfX+MpXd3V2BAwC4i8AB
j+nq1auWowAfWQchYRI1fWQtADCZBA54DDs7O7W1tdX0GADHalJOT/mg/f39pkcAACbQU00PAIkm
dV06AADAx5XAAY9hfn6+6REAAAC4jcABj2FmZqYWFhaaHgPgWE3qUaxnz55tegQAYAIJHPCYVlZW
anV1taanp5seBeBYfP7zn296hHv6zGc+0/QIAMAEEjjgMbVarZqdna21tbW6fPlytdvtpkcCODKt
VqtmZmaaHuMukzoXANA8gQOeUKvVqgsXLtRrr71Wi4uLTY8DcGRmZ2ebHuGezp071/QIAMAEEjjg
iHQ6nbp8+XKtra355hv4SGi32xO3DG96enpi9wYBAJolcMAROrh1enV1tVZWVmpqaqrpkQAeW6vV
mqg701qtVp0/f77pMQCACSVwwDFotVr14osv1traWi0tLTU9DsBjm5+fn5g9htrttmO6AYD7Ejjg
GHU6nbp06VJduXKl5ubmmh4H4ENrt9sTcxfH+fPnLU8BAO5L4IATcPbs2Xr55ZdrdXXVshUgysEy
labfu6ampurChQuNzgAATDaBA07IwbGyV65cqaWlpYm55RvgYQ42UW5Kq9Wql156yfsmAPBAAgec
sFarVZcuXarXXnutFhYWmh4H4JHMz883tsHnN77xDadTAQAPJXBAQzqdTq2srNTq6urEHcMI8EGt
VquWl5frS1/60oled2FhoS5dunSi1wQAMgkc0KCDZStra2u1srLi9mtgoh0sFTmpyLGwsFArKysn
ci0AIN+ppgcA/v9Y2fn5+ep2u9Xr9ZoeCeCeDiJHp9Opzc3NY7vO0tJSLS0tVavVOrZrAAAfLQIH
TJCDjfwWFhZqfX29bty40fRIAHc5WK5y7ty52tjYqMFgcGSvPTU1VS+99JI9N4CPJUdhw5MROGDC
tFqtmpmZqdXV1dre3j7yHx4AjkKr1aovfOELNTs7W71er3q9Xo1Go8d+vXa7XYuLi7W4uOgbfOBj
a2ZmpukRIJrAARPqqH94ADgOnU6nlpaWanFxsba3t6vX69Xe3t4j//np6em6cOFCzc3NCRvAsZqb
m6vr1683PcZ9Pf/8802PAPFa4/F43PQQwMPt7+/X+vr6Q/9jfuONN05oIoC7jcfjGo1GtbOzU7u7
u3Xz5s077kKbmpqqqampmpmZqXPnzlW73bbPBnAi9vf36yc/+clE/sKo0+nU2tpaTU1NNT0KRBM4
IMh4PK4bN27U1atX77lsZW5urr7//e83MBnA3e73LYagATTlUX9hdJLm5uZqeXm5zp492/QoEE/g
gEDj8bh6vV51u93D30K02+364Q9/aO0mAMADHPz4s7e3V8PhsLE52u324fdtwi8cDYEDgg2Hw9ra
2qpOp1Pz8/PWrwMAAB9bAgcAAAAQ76mmBwAAAAB4UgIHAAAAEE/gAAAAAOIJHAAAAEA8gQMAAACI
J3AAAAAA8QQOAAAAIJ7AAQAAAMQTOAAAAIB4AgcAAAAQT+AAAAAA4gkcAAAAQDyBAwAAAIgncAAA
AADxBA4AAAAgnsABAAAAxBM4AAAAgHgCBwAAABBP4AAAAADiCRwAAABAPIEDAAAAiCdwAAAAAPEE
DgAAACCewAEAAADEEzgAAACAeAIHAAAAEE/gAAAAAOIJHAAAAEA8gQMAAACIJ3AAAAAA8QQOAAAA
IJ7AAQAAAMQTOAAAAIB4AgcAAAAQT+AAAAAA4gkcAAAAQDyBAwAAAIgncAAAAADxBA4AAAAgnsAB
AAAAxBM4AAAAgHgCBwAAABDv/wCwZugQqg6gcAAAAABJRU5ErkJggg==
" width="800px"&gt;</msg>
<status status="PASS" starttime="20230811 17:33:37.981" endtime="20230811 17:33:38.294"/>
</kw>
<msg timestamp="20230811 17:33:38.294" level="INFO">criteria is skip_sign_in_button
criteria is skip_sign_in_button
criteria is skip_sign_in_button
criteria is skip_sign_in_button
criteria is skip_sign_in_button
criteria is skip_sign_in_button
criteria is skip_sign_in_button
criteria is skip_sign_in_button
criteria is skip_sign_in_button
criteria is skip_sign_in_button
criteria is skip_sign_in_button
criteria is skip_sign_in_button
criteria is skip_sign_in_button
criteria is skip_sign_in_button
criteria is skip_sign_in_button
criteria is skip_sign_in_button
criteria is skip_sign_in_button
criteria is skip_sign_in_button
criteria is skip_sign_in_button
criteria is skip_sign_in_button
criteria is skip_sign_in_button
criteria is skip_sign_in_button
criteria is skip_sign_in_button</msg>
<msg timestamp="20230811 17:33:38.294" level="FAIL">Element locator 'skip_sign_in_button' did not match any elements after 5 seconds</msg>
<status status="FAIL" starttime="20230811 17:33:32.863" endtime="20230811 17:33:38.295"/>
</kw>
<kw name="Click Element" library="AppiumLibrary">
<arg>${BUTTON_SKIP_LOGIN}</arg>
<doc>Click element identified by `locator`.</doc>
<status status="NOT RUN" starttime="20230811 17:33:38.295" endtime="20230811 17:33:38.295"/>
</kw>
<status status="FAIL" starttime="20230811 17:33:14.575" endtime="20230811 17:33:38.295"/>
</kw>
<kw name="Verify search bar UI without search text" library="amazon_keywords">
<doc>Verify search bar UI without search text</doc>
<status status="NOT RUN" starttime="20230811 17:33:38.295" endtime="20230811 17:33:38.295"/>
</kw>
<doc>Verify the UI of search bar before entering search text</doc>
<status status="FAIL" starttime="20230811 17:33:14.575" endtime="20230811 17:33:38.295">Element locator 'skip_sign_in_button' did not match any elements after 5 seconds</status>
</test>
<test id="s1-t5" name="Verify the UI of search bar after entering search text" line="27">
<kw name="Open amazon app and skip login" library="amazon_keywords">
<doc>opens amazon app</doc>
<kw name="Open Application" library="AppiumLibrary">
<arg>${REMOTE_URL}</arg>
<arg>platformName=${DEVICE_PLATFORM}</arg>
<arg>platformVersion=${DEVICE_PLATFORM_VERSION}</arg>
<arg>deviceName=${DEVICE_NAME}</arg>
<arg>appPackage=${PACKAGE_NAME}</arg>
<arg>appActivity=${ACTIVITY_NAME}</arg>
<doc>Opens a new application to given Appium server.
Capabilities of appium server, Android and iOS,
Please check https://github.com/appium/appium/blob/master/docs/en/writing-running-appium/server-args.md
| *Option*            | *Man.* | *Description*     |
| remote_url          | Yes    | Appium server url |
| alias               | no     | alias             |
| strict_ssl          | No     | allows you to send commands to an invalid certificate host like a self-signed one. |</doc>
<kw name="Capture Page Screenshot" library="AppiumLibrary">
<doc>Takes a screenshot of the current page and embeds it into the log.</doc>
<status status="FAIL" starttime="20230811 17:33:45.868" endtime="20230811 17:33:45.869"/>
</kw>
<msg timestamp="20230811 17:33:45.871" level="WARN">Keyword 'Capture Page Screenshot' could not be run on failure: Execution terminated by signal</msg>
<status status="FAIL" starttime="20230811 17:33:38.296" endtime="20230811 17:33:45.871"/>
</kw>
<kw name="Sleep" library="BuiltIn">
<arg>10</arg>
<doc>Pauses the test executed for the given time.</doc>
<status status="NOT RUN" starttime="20230811 17:33:45.871" endtime="20230811 17:33:45.871"/>
</kw>
<kw name="Wait Until Element Is Visible" library="AppiumLibrary">
<arg>${BUTTON_SKIP_LOGIN}</arg>
<doc>Waits until element specified with `locator` is visible.</doc>
<status status="NOT RUN" starttime="20230811 17:33:45.871" endtime="20230811 17:33:45.871"/>
</kw>
<kw name="Click Element" library="AppiumLibrary">
<arg>${BUTTON_SKIP_LOGIN}</arg>
<doc>Click element identified by `locator`.</doc>
<status status="NOT RUN" starttime="20230811 17:33:45.871" endtime="20230811 17:33:45.871"/>
</kw>
<status status="FAIL" starttime="20230811 17:33:38.296" endtime="20230811 17:33:45.871"/>
</kw>
<kw name="Click search box and enter search text" library="amazon_keywords">
<arg>${SEARCH_TEXT}</arg>
<doc>clicks search box</doc>
<status status="NOT RUN" starttime="20230811 17:33:45.872" endtime="20230811 17:33:45.872"/>
</kw>
<kw name="Verify search bar UI with search text" library="amazon_keywords">
<doc>Verify search bar UI with search text</doc>
<status status="NOT RUN" starttime="20230811 17:33:45.872" endtime="20230811 17:33:45.872"/>
</kw>
<doc>Verify the UI of search bar after entering search text</doc>
<status status="FAIL" starttime="20230811 17:33:38.295" endtime="20230811 17:33:45.872">Execution terminated by signal</status>
</test>
<test id="s1-t6" name="Verify that clicking clear search clears the search" line="33">
<doc>Verify that clicking clear search clears the search</doc>
<tag>robot:exit</tag>
<status status="FAIL" starttime="20230811 17:33:45.872" endtime="20230811 17:33:45.873">Test execution stopped due to a fatal error.</status>
</test>
<test id="s1-t7" name="Verify image and voice search" line="39">
<doc>Verify image and voice search</doc>
<tag>robot:exit</tag>
<status status="FAIL" starttime="20230811 17:33:45.873" endtime="20230811 17:33:45.873">Test execution stopped due to a fatal error.</status>
</test>
<test id="s1-t8" name="Verify placeholder text in search box" line="45">
<doc>Verify placeholder text in search box</doc>
<tag>robot:exit</tag>
<status status="FAIL" starttime="20230811 17:33:45.873" endtime="20230811 17:33:45.874">Test execution stopped due to a fatal error.</status>
</test>
<test id="s1-t9" name="Verify search results UI" line="50">
<doc>Verify search results UI</doc>
<tag>robot:exit</tag>
<status status="FAIL" starttime="20230811 17:33:45.874" endtime="20230811 17:33:45.874">Test execution stopped due to a fatal error.</status>
</test>
<status status="FAIL" starttime="20230811 17:32:04.897" endtime="20230811 17:33:45.875"/>
</suite>
<statistics>
<total>
<stat pass="2" fail="7" skip="0">All Tests</stat>
</total>
<tag>
<stat pass="2" fail="3" skip="0" info="combined" combined="NOT robot:exit">NOT robot:exit</stat>
</tag>
<suite>
<stat pass="2" fail="7" skip="0" id="s1" name="Amazon Search">Amazon Search</stat>
</suite>
</statistics>
<errors>
<msg timestamp="20230811 17:33:45.871" level="WARN">Keyword 'Capture Page Screenshot' could not be run on failure: Execution terminated by signal</msg>
</errors>
</robot>
